
> landforsaleinabuja@0.1.0 dev
> next dev --hostname 0.0.0.0 --port 3000

   ▲ Next.js 16.0.8 (Turbopack)
   - Local:         http://localhost:3000
   - Network:       http://0.0.0.0:3000
   - Environments: .env.local

 ✓ Starting...
 ✓ Ready in 2.2s
 ○ Compiling /admin/listings ...
 GET /login?logged_out=1 200 in 17.1s (compile: 13.3s, render: 3.9s)
 GET /agent/dashboard/new 200 in 17.1s (compile: 14.0s, render: 3.1s)
 GET /admin/listings 200 in 22.0s (compile: 14.7s, render: 7.3s)
 ✓ Compiled in 187ms
 POST /admin/listings 200 in 4.3s (compile: 20ms, render: 4.3s)
 GET /agent/dashboard/new 200 in 625ms (compile: 205ms, render: 421ms)
 GET /agent/dashboard/new 200 in 141ms (compile: 11ms, render: 130ms)
 GET /agent/dashboard/new 200 in 142ms (compile: 15ms, render: 127ms)
 GET /agent/dashboard/new 200 in 80ms (compile: 21ms, render: 59ms)
 GET /agent/dashboard 200 in 685ms (compile: 644ms, render: 40ms)
 ✓ Compiled in 392ms
 GET /agent/dashboard/new 200 in 160ms (compile: 89ms, render: 71ms)
 GET /agent/dashboard/new 200 in 187ms (compile: 11ms, render: 176ms)
 ✓ Compiled in 240ms
 ✓ Compiled in 132ms
 ✓ Compiled in 158ms
 ✓ Compiled in 169ms
 ✓ Compiled in 200ms
 ✓ Compiled in 148ms
 GET /agent/dashboard/new 200 in 264ms (compile: 81ms, render: 184ms)
 GET /agent/dashboard/new 200 in 162ms (compile: 5ms, render: 157ms)
 GET /agent/dashboard/new 200 in 196ms (compile: 9ms, render: 188ms)
 ✓ Compiled in 155ms
 ✓ Compiled in 231ms
 GET /agent/dashboard/new 200 in 1281ms (compile: 412ms, render: 869ms)
 GET /agent/dashboard/new 200 in 131ms (compile: 13ms, render: 118ms)
 ✓ Compiled in 123ms
 GET /agent/dashboard/new 200 in 285ms (compile: 128ms, render: 158ms)
 GET /agent/dashboard 200 in 60ms (compile: 33ms, render: 27ms)
 GET /agent/dashboard 200 in 1213ms (compile: 79ms, render: 1134ms)
 GET /agent/dashboard/new 200 in 159ms (compile: 55ms, render: 104ms)
 GET /agent/dashboard/new 200 in 407ms (compile: 13ms, render: 393ms)
 GET /agent/dashboard 200 in 77ms (compile: 9ms, render: 68ms)
 GET /agent/dashboard/new 200 in 80ms (compile: 12ms, render: 68ms)
 GET /login?logged_out=1 200 in 453ms (compile: 47ms, render: 406ms)
 GET /agent/dashboard 200 in 419ms (compile: 23ms, render: 396ms)
 GET /agent/dashboard/edit/bee26fdd-1fc7-4616-b581-6f3aadb49e99 200 in 4.3s (compile: 4.2s, render: 102ms)
 GET /agent/dashboard/new 200 in 116ms (compile: 20ms, render: 96ms)
 GET /agent/dashboard/new 200 in 542ms (compile: 15ms, render: 527ms)
 GET /agent/dashboard/new 200 in 602ms (compile: 24ms, render: 579ms)
 GET /agent/dashboard 200 in 130ms (compile: 9ms, render: 120ms)
 GET /agent/dashboard/new 200 in 82ms (compile: 12ms, render: 71ms)
 GET /agent/dashboard/new 200 in 1325ms (compile: 116ms, render: 1209ms)
 ✓ Compiled in 1253ms
 ✓ Compiled in 238ms
 ✓ Compiled in 314ms
 ✓ Compiled in 176ms
 ✓ Compiled in 850ms
 ✓ Compiled in 348ms
 ✓ Compiled in 291ms
 ✓ Compiled in 333ms
 ✓ Compiled in 1084ms
 ✓ Compiled in 296ms
 GET /agent/dashboard/new 200 in 2.1s (compile: 725ms, render: 1424ms)
 GET /agent/dashboard 200 in 410ms (compile: 296ms, render: 115ms)
 ✓ Compiled in 293ms
 ✓ Compiled in 143ms
 ✓ Compiled in 244ms
 GET /admin/listings 200 in 3.2s (compile: 28ms, render: 3.2s)
 GET /agent/dashboard/new 200 in 491ms (compile: 148ms, render: 343ms)
 GET /agent/dashboard/new 200 in 193ms (compile: 15ms, render: 178ms)
 GET /agent/dashboard 200 in 384ms (compile: 286ms, render: 98ms)
 GET /agent/dashboard 200 in 50ms (compile: 6ms, render: 44ms)
 GET /admin/listings 200 in 2.9s (compile: 11ms, render: 2.9s)
 GET /buy/Dei-Dei/150sqm-estate-in-dei-dei-abuja-1589 200 in 4.8s (compile: 2.1s, render: 2.7s)
 POST /admin/listings 200 in 2.2s (compile: 6ms, render: 2.2s)
 GET /agent/dashboard 200 in 108ms (compile: 10ms, render: 99ms)
 GET /agent/dashboard/new 200 in 280ms (compile: 36ms, render: 245ms)
 ○ Compiling / ...
 GET / 200 in 9.8s (compile: 5.7s, render: 4.2s)
 GET /agent/dashboard 200 in 108ms (compile: 12ms, render: 97ms)
 GET / 200 in 3.6s (compile: 13ms, render: 3.6s)
 GET / 200 in 2.4s (compile: 14ms, render: 2.3s)
 GET /agent/dashboard 200 in 79ms (compile: 9ms, render: 70ms)
 ○ Compiling /agent/dashboard/profile ...
 GET /agent/dashboard/profile 200 in 4.9s (compile: 3.6s, render: 1351ms)
 GET /agent/dashboard/profile 200 in 110ms (compile: 7ms, render: 103ms)
 GET /login 200 in 219ms (compile: 47ms, render: 172ms)
 GET /login 200 in 223ms (compile: 8ms, render: 215ms)
 GET /agent/dashboard 200 in 235ms (compile: 18ms, render: 217ms)
 POST /api/logout 200 in 3.4s (compile: 2.6s, render: 816ms)
 GET /login?logged_out=1 200 in 248ms (compile: 27ms, render: 221ms)
 GET /agent/dashboard 200 in 364ms (compile: 11ms, render: 353ms)
 GET /login 200 in 221ms (compile: 5ms, render: 215ms)
 GET /agent/dashboard/edit/bee26fdd-1fc7-4616-b581-6f3aadb49e99 200 in 165ms (compile: 88ms, render: 76ms)
 GET /agent/dashboard/edit/bee26fdd-1fc7-4616-b581-6f3aadb49e99 200 in 285ms (compile: 25ms, render: 260ms)
 GET /pricing 200 in 3.1s (compile: 2.7s, render: 367ms)
 GET / 200 in 1710ms (compile: 9ms, render: 1700ms)
 GET /admin 200 in 2.8s (compile: 1465ms, render: 1316ms)
 GET /admin/agents 200 in 3.6s (compile: 1442ms, render: 2.2s)
 GET /admin/listings 200 in 2.7s (compile: 51ms, render: 2.7s)
 GET /admin/types 200 in 5.7s (compile: 3.8s, render: 1814ms)
 GET /admin/locations 200 in 4.3s (compile: 3.1s, render: 1281ms)
 GET /admin/listings 200 in 1748ms (compile: 11ms, render: 1737ms)
 GET / 200 in 2.7s (compile: 13ms, render: 2.7s)
 GET /login 200 in 38ms (compile: 7ms, render: 31ms)
 GET /agent/dashboard 200 in 42ms (compile: 8ms, render: 33ms)
 GET /agent/dashboard/new 200 in 52ms (compile: 10ms, render: 42ms)
 GET /agent/dashboard/profile 200 in 44ms (compile: 8ms, render: 36ms)
 GET /agent/dashboard 200 in 42ms (compile: 6ms, render: 36ms)
 GET /buy/Dei-Dei/150sqm-estate-in-dei-dei-abuja-1589 200 in 1937ms (compile: 34ms, render: 1903ms)
 GET /agent/dashboard 200 in 128ms (compile: 12ms, render: 116ms)
 ✓ Compiled in 303ms
 GET /login 200 in 798ms (compile: 84ms, render: 715ms)
 GET /agent/dashboard 200 in 817ms (compile: 9ms, render: 808ms)
 GET /login 200 in 656ms (compile: 292ms, render: 364ms)
 GET /agent/dashboard/new 200 in 657ms (compile: 353ms, render: 304ms)
 GET /buy/Dei-Dei/150sqm-estate-in-dei-dei-abuja-1589 200 in 2.9s (compile: 331ms, render: 2.6s)
 GET /admin/listings 200 in 3.5s (compile: 79ms, render: 3.4s)
 GET /admin/listings 200 in 3.5s (compile: 14ms, render: 3.5s)
 ✓ Compiled in 1630ms
 GET /agent/dashboard 200 in 476ms (compile: 115ms, render: 361ms)
 GET /login 200 in 74ms (compile: 7ms, render: 68ms)
 GET /agent/dashboard/new 200 in 111ms (compile: 8ms, render: 103ms)
 GET /login 200 in 81ms (compile: 11ms, render: 70ms)
 GET /buy/Dei-Dei/150sqm-estate-in-dei-dei-abuja-1589 200 in 1299ms (compile: 108ms, render: 1191ms)
 GET /admin/listings 200 in 4.0s (compile: 266ms, render: 3.7s)
 GET /admin/listings 200 in 4.2s (compile: 11ms, render: 4.2s)
 ✓ Compiled in 229ms
 GET /login 200 in 176ms (compile: 7ms, render: 169ms)
 GET /login 200 in 1304ms (compile: 459ms, render: 845ms)
 GET /agent/dashboard 200 in 257ms (compile: 18ms, render: 238ms)
 GET /buy/Dei-Dei/150sqm-estate-in-dei-dei-abuja-1589 200 in 1311ms (compile: 137ms, render: 1175ms)
 GET /agent/dashboard/new 200 in 83ms (compile: 11ms, render: 72ms)
 GET /admin/listings 200 in 507ms (compile: 6ms, render: 501ms)
 GET /admin/listings 200 in 503ms (compile: 6ms, render: 496ms)
 ✓ Compiled in 221ms
 GET /agent/dashboard 200 in 101ms (compile: 6ms, render: 95ms)
 GET /login 200 in 1807ms (compile: 17ms, render: 1790ms)
 GET /agent/dashboard/new 200 in 1819ms (compile: 127ms, render: 1692ms)
 GET /login 200 in 1580ms (compile: 13ms, render: 1567ms)
 GET /buy/Dei-Dei/150sqm-estate-in-dei-dei-abuja-1589 200 in 1388ms (compile: 77ms, render: 1311ms)
 GET /admin/listings 200 in 3.2s (compile: 35ms, render: 3.2s)
 GET /admin/listings 200 in 1655ms (compile: 54ms, render: 1601ms)
 ✓ Compiled in 205ms
 GET /agent/dashboard/new 200 in 1343ms (compile: 7ms, render: 1337ms)
 GET /login 200 in 1515ms (compile: 33ms, render: 1481ms)
 GET /agent/dashboard 200 in 1518ms (compile: 251ms, render: 1267ms)
 GET /login 200 in 841ms (compile: 330ms, render: 511ms)
 GET /buy/Dei-Dei/150sqm-estate-in-dei-dei-abuja-1589 200 in 865ms (compile: 212ms, render: 653ms)
 GET /admin/listings 200 in 2.5s (compile: 15ms, render: 2.5s)
 GET /admin/listings 200 in 1270ms (compile: 27ms, render: 1244ms)
 ✓ Compiled in 139ms
 GET /agent/dashboard 200 in 1718ms (compile: 9ms, render: 1709ms)
 GET /login 200 in 1620ms (compile: 137ms, render: 1484ms)
 GET /agent/dashboard/new 200 in 1625ms (compile: 17ms, render: 1609ms)
 GET /login 200 in 320ms (compile: 166ms, render: 154ms)
 GET /buy/Dei-Dei/150sqm-estate-in-dei-dei-abuja-1589 200 in 1073ms (compile: 185ms, render: 888ms)
 GET /admin/listings 200 in 1775ms (compile: 91ms, render: 1684ms)
 GET /admin/listings 200 in 1206ms (compile: 22ms, render: 1184ms)
 ✓ Compiled in 267ms
 ✓ Compiled in 526ms
 ✓ Compiled in 284ms
 ✓ Compiled in 127ms
 ✓ Compiled in 336ms
 ✓ Compiled in 217ms
 ✓ Compiled in 518ms
 GET /agent/dashboard 200 in 1686ms (compile: 603ms, render: 1083ms)
 GET /agent/dashboard 200 in 216ms (compile: 12ms, render: 205ms)
 GET /agent/dashboard 200 in 219ms (compile: 15ms, render: 204ms)
 GET /agent/dashboard 200 in 455ms (compile: 22ms, render: 434ms)
 GET /agent/dashboard 200 in 187ms (compile: 16ms, render: 171ms)
 GET /agent/dashboard 200 in 119ms (compile: 9ms, render: 110ms)
 GET /agent/dashboard 200 in 115ms (compile: 14ms, render: 101ms)
 GET /agent/dashboard 200 in 110ms (compile: 6ms, render: 104ms)
 GET /agent/dashboard 200 in 123ms (compile: 10ms, render: 114ms)
 GET /agent/dashboard 200 in 124ms (compile: 9ms, render: 115ms)
 GET /agent/dashboard 200 in 113ms (compile: 23ms, render: 90ms)
 GET /agent/dashboard 200 in 128ms (compile: 11ms, render: 117ms)
 GET /agent/dashboard 200 in 160ms (compile: 9ms, render: 152ms)
 GET /agent/dashboard 200 in 10.3s (compile: 7ms, render: 10.3s)
 GET /login 200 in 9.6s (compile: 3.0s, render: 6.6s)
 GET /agent/dashboard/new 200 in 9.6s (compile: 1253ms, render: 8.4s)
 GET /login 200 in 9.6s (compile: 224ms, render: 9.4s)
 GET /agent/dashboard 200 in 968ms (compile: 24ms, render: 944ms)
 GET /buy/Dei-Dei/150sqm-estate-in-dei-dei-abuja-1589 200 in 4.0s (compile: 1078ms, render: 2.9s)
 GET /admin/listings 200 in 10.3s (compile: 3.2s, render: 7.1s)
 GET /admin/listings 200 in 10.4s (compile: 3.5s, render: 6.8s)
 GET /agent/dashboard 200 in 3.0s (compile: 45ms, render: 2.9s)
 GET /agent/dashboard 200 in 392ms (compile: 23ms, render: 370ms)
 GET /buy/Dei-Dei/150sqm-estate-in-dei-dei-abuja-1589 200 in 8.1s (compile: 1481ms, render: 6.7s)
 GET /agent/dashboard 200 in 711ms (compile: 24ms, render: 687ms)
 GET /admin/listings 200 in 15.6s (compile: 474ms, render: 15.2s)
 GET /agent/dashboard 200 in 739ms (compile: 134ms, render: 605ms)
 GET /agent/dashboard 200 in 395ms (compile: 187ms, render: 209ms)
 GET /agent/dashboard 200 in 394ms (compile: 9ms, render: 385ms)
 GET /agent/dashboard 200 in 207ms (compile: 9ms, render: 198ms)
 GET /agent/dashboard 200 in 250ms (compile: 10ms, render: 240ms)
 GET /agent/dashboard 200 in 203ms (compile: 22ms, render: 181ms)
 GET /agent/dashboard 200 in 110ms (compile: 8ms, render: 103ms)
 GET /agent/dashboard 200 in 197ms (compile: 13ms, render: 184ms)
 GET /agent/dashboard 200 in 132ms (compile: 10ms, render: 122ms)
 GET /agent/dashboard 200 in 235ms (compile: 9ms, render: 227ms)
 GET /agent/dashboard 200 in 171ms (compile: 30ms, render: 141ms)
 GET /agent/dashboard 200 in 325ms (compile: 15ms, render: 310ms)
 GET /agent/dashboard 200 in 251ms (compile: 57ms, render: 194ms)
 GET /agent/dashboard 200 in 109ms (compile: 12ms, render: 97ms)
 GET /agent/dashboard 200 in 165ms (compile: 14ms, render: 150ms)
 GET /agent/dashboard 200 in 267ms (compile: 22ms, render: 245ms)
 GET /agent/dashboard 200 in 1089ms (compile: 79ms, render: 1009ms)
 GET /agent/dashboard 200 in 776ms (compile: 126ms, render: 650ms)
 GET /agent/dashboard 200 in 291ms (compile: 38ms, render: 254ms)
 GET /agent/dashboard 200 in 390ms (compile: 43ms, render: 348ms)
 GET /agent/dashboard 200 in 193ms (compile: 18ms, render: 175ms)
 GET /agent/dashboard 200 in 466ms (compile: 124ms, render: 342ms)
 GET /agent/dashboard 200 in 132ms (compile: 15ms, render: 117ms)
 GET /agent/dashboard 200 in 183ms (compile: 7ms, render: 176ms)
 GET /agent/dashboard 200 in 382ms (compile: 16ms, render: 367ms)
 GET /agent/dashboard 200 in 211ms (compile: 9ms, render: 202ms)
 GET /agent/dashboard 200 in 381ms (compile: 14ms, render: 367ms)
 GET /agent/dashboard 200 in 477ms (compile: 8ms, render: 469ms)
 GET /agent/dashboard/new 200 in 328ms (compile: 6ms, render: 322ms)
 GET /login 200 in 173ms (compile: 10ms, render: 163ms)
 GET /agent/dashboard/new 200 in 158ms (compile: 7ms, render: 151ms)
 GET /login 200 in 83ms (compile: 7ms, render: 76ms)
 GET /login 200 in 196ms (compile: 6ms, render: 190ms)
 GET /agent/dashboard/new 200 in 137ms (compile: 9ms, render: 129ms)
 GET /login 200 in 65ms (compile: 7ms, render: 59ms)
 GET /login 200 in 77ms (compile: 5ms, render: 71ms)
 GET /login 200 in 87ms (compile: 9ms, render: 78ms)
 GET /login 200 in 153ms (compile: 7ms, render: 146ms)
 GET /agent/dashboard/new 200 in 92ms (compile: 8ms, render: 84ms)
 GET /login 200 in 158ms (compile: 6ms, render: 152ms)
 GET /agent/dashboard/new 200 in 101ms (compile: 7ms, render: 93ms)
 GET /login 200 in 84ms (compile: 14ms, render: 69ms)
 GET /login 200 in 634ms (compile: 7ms, render: 627ms)
 GET /agent/dashboard/new 200 in 100ms (compile: 8ms, render: 91ms)
 GET /login 200 in 776ms (compile: 9ms, render: 767ms)
 GET /agent/dashboard/new 200 in 707ms (compile: 12ms, render: 696ms)
 GET /agent/dashboard 200 in 706ms (compile: 100ms, render: 606ms)
 GET /admin/listings 200 in 1414ms (compile: 12ms, render: 1401ms)
 GET /admin/listings 200 in 625ms (compile: 8ms, render: 616ms)
 GET /agent/dashboard/new 200 in 933ms (compile: 379ms, render: 554ms)
 GET /agent/dashboard 200 in 601ms (compile: 160ms, render: 441ms)
 GET /admin/listings 200 in 1448ms (compile: 8ms, render: 1440ms)
 GET /agent/dashboard/new 200 in 94ms (compile: 9ms, render: 85ms)
 GET /agent/dashboard/new 200 in 168ms (compile: 7ms, render: 160ms)
 GET /agent/dashboard 200 in 93ms (compile: 8ms, render: 85ms)
 GET /agent/dashboard 200 in 78ms (compile: 7ms, render: 71ms)
 GET /agent/dashboard 200 in 86ms (compile: 10ms, render: 76ms)
 GET /login 200 in 338ms (compile: 98ms, render: 240ms)
 GET /agent/dashboard 200 in 489ms (compile: 157ms, render: 333ms)
 GET /agent/dashboard/new 200 in 165ms (compile: 11ms, render: 154ms)
 GET /admin/listings 200 in 791ms (compile: 8ms, render: 783ms)
 GET /login 200 in 266ms (compile: 7ms, render: 259ms)
 GET /agent/dashboard 200 in 193ms (compile: 15ms, render: 178ms)
 GET /agent/dashboard/new 200 in 194ms (compile: 89ms, render: 105ms)
 GET /login 200 in 326ms (compile: 8ms, render: 318ms)
 GET /agent/dashboard/new 200 in 248ms (compile: 12ms, render: 236ms)
 GET /agent/dashboard 200 in 249ms (compile: 115ms, render: 133ms)
 GET /login 200 in 715ms (compile: 8ms, render: 707ms)
 GET /agent/dashboard 200 in 649ms (compile: 9ms, render: 639ms)
 GET /agent/dashboard/new 200 in 544ms (compile: 9ms, render: 535ms)
 GET /admin/listings 200 in 519ms (compile: 17ms, render: 502ms)
 GET /login 200 in 1119ms (compile: 8ms, render: 1111ms)
 GET /agent/dashboard 200 in 1126ms (compile: 103ms, render: 1024ms)
 GET /agent/dashboard/new 200 in 901ms (compile: 18ms, render: 883ms)
 GET /admin/listings 200 in 961ms (compile: 129ms, render: 832ms)
 GET /login 200 in 436ms (compile: 71ms, render: 365ms)
 GET /agent/dashboard/new 200 in 439ms (compile: 8ms, render: 431ms)
 GET /agent/dashboard 200 in 439ms (compile: 120ms, render: 319ms)
 GET /admin/listings 200 in 275ms (compile: 10ms, render: 266ms)
 GET /agent/dashboard 200 in 453ms (compile: 7ms, render: 446ms)
 GET /agent/dashboard/new 200 in 457ms (compile: 65ms, render: 393ms)
 GET /login 200 in 335ms (compile: 90ms, render: 245ms)
 GET /admin/listings 200 in 384ms (compile: 10ms, render: 374ms)
 GET /agent/dashboard 200 in 468ms (compile: 61ms, render: 407ms)
 GET /agent/dashboard/new 200 in 473ms (compile: 7ms, render: 466ms)
 GET /login 200 in 332ms (compile: 9ms, render: 323ms)
 GET /admin/listings 200 in 363ms (compile: 61ms, render: 302ms)
 GET /agent/dashboard 200 in 419ms (compile: 7ms, render: 411ms)
 GET /login 200 in 362ms (compile: 54ms, render: 308ms)
 GET /agent/dashboard/new 200 in 366ms (compile: 8ms, render: 357ms)
 GET /admin/listings 200 in 393ms (compile: 86ms, render: 307ms)
 GET /login 200 in 336ms (compile: 9ms, render: 327ms)
 GET /agent/dashboard 200 in 338ms (compile: 55ms, render: 283ms)
 GET /agent/dashboard/new 200 in 289ms (compile: 64ms, render: 225ms)
 GET /admin/listings 200 in 263ms (compile: 55ms, render: 208ms)
 GET /login 200 in 351ms (compile: 6ms, render: 345ms)
 GET /agent/dashboard/new 200 in 304ms (compile: 8ms, render: 296ms)
 GET /agent/dashboard 200 in 304ms (compile: 58ms, render: 245ms)
 GET /login 200 in 384ms (compile: 6ms, render: 378ms)
 GET /agent/dashboard/new 200 in 313ms (compile: 11ms, render: 302ms)
 GET /agent/dashboard 200 in 312ms (compile: 57ms, render: 255ms)
 GET /admin/listings 200 in 612ms (compile: 7ms, render: 605ms)
 GET /login 200 in 330ms (compile: 6ms, render: 323ms)
 GET /agent/dashboard/new 200 in 332ms (compile: 41ms, render: 291ms)
 GET /agent/dashboard 200 in 297ms (compile: 52ms, render: 245ms)
 GET /admin/listings 200 in 686ms (compile: 108ms, render: 578ms)
 GET /admin/listings 200 in 237ms (compile: 7ms, render: 230ms)
 GET /login 200 in 312ms (compile: 8ms, render: 304ms)
 GET /agent/dashboard/new 200 in 270ms (compile: 9ms, render: 261ms)
 GET /agent/dashboard 200 in 270ms (compile: 53ms, render: 217ms)
 GET /login 200 in 338ms (compile: 10ms, render: 328ms)
 GET /agent/dashboard/new 200 in 340ms (compile: 44ms, render: 296ms)
 GET /agent/dashboard 200 in 341ms (compile: 87ms, render: 254ms)
 GET /admin/listings 200 in 666ms (compile: 89ms, render: 577ms)
 GET /login 200 in 370ms (compile: 5ms, render: 365ms)
 GET /agent/dashboard/new 200 in 319ms (compile: 8ms, render: 311ms)
 GET /agent/dashboard 200 in 319ms (compile: 61ms, render: 258ms)
 GET /admin/listings 200 in 756ms (compile: 128ms, render: 628ms)
 GET /admin/listings 200 in 249ms (compile: 7ms, render: 242ms)
 GET /login 200 in 361ms (compile: 7ms, render: 354ms)
 GET /agent/dashboard 200 in 315ms (compile: 7ms, render: 307ms)
 GET /agent/dashboard/new 200 in 315ms (compile: 52ms, render: 264ms)
 GET /admin/listings 200 in 234ms (compile: 7ms, render: 228ms)
 GET /agent/dashboard 200 in 286ms (compile: 6ms, render: 280ms)
 GET /login 200 in 237ms (compile: 10ms, render: 228ms)
 GET /agent/dashboard/new 200 in 237ms (compile: 39ms, render: 198ms)
 GET /login 200 in 367ms (compile: 5ms, render: 362ms)
 GET /agent/dashboard 200 in 321ms (compile: 9ms, render: 312ms)
 GET /agent/dashboard/new 200 in 320ms (compile: 90ms, render: 230ms)
 GET /admin/listings 200 in 640ms (compile: 73ms, render: 567ms)
 GET /admin/listings 200 in 356ms (compile: 47ms, render: 308ms)
 GET /login 200 in 374ms (compile: 7ms, render: 367ms)
 GET /agent/dashboard/new 200 in 374ms (compile: 50ms, render: 324ms)
 GET /agent/dashboard 200 in 278ms (compile: 52ms, render: 225ms)
 GET /admin/listings 200 in 359ms (compile: 59ms, render: 300ms)
 GET /login 200 in 53ms (compile: 5ms, render: 48ms)
 GET /login 200 in 194ms (compile: 5ms, render: 189ms)
 GET /agent/dashboard/new 200 in 147ms (compile: 7ms, render: 139ms)
 GET /agent/dashboard 200 in 148ms (compile: 66ms, render: 82ms)
 GET /login 200 in 53ms (compile: 5ms, render: 48ms)
 GET /agent/dashboard/new 200 in 394ms (compile: 6ms, render: 388ms)
 GET /login 200 in 333ms (compile: 118ms, render: 215ms)
 GET /admin/listings 200 in 366ms (compile: 8ms, render: 357ms)
 GET /agent/dashboard/new 200 in 330ms (compile: 6ms, render: 324ms)
 GET /login 200 in 273ms (compile: 7ms, render: 266ms)
 GET /admin/listings 200 in 552ms (compile: 52ms, render: 500ms)
 GET /login 200 in 203ms (compile: 7ms, render: 195ms)
 GET /agent/dashboard/new 200 in 260ms (compile: 6ms, render: 254ms)
 GET /admin/listings 200 in 226ms (compile: 46ms, render: 180ms)
 GET /agent/dashboard/new 200 in 54ms (compile: 4ms, render: 50ms)
 GET /login 200 in 300ms (compile: 5ms, render: 295ms)
 GET /agent/dashboard/new 200 in 260ms (compile: 6ms, render: 254ms)
 GET /admin/listings 200 in 286ms (compile: 56ms, render: 230ms)
 GET /login 200 in 415ms (compile: 7ms, render: 408ms)
 GET /agent/dashboard/new 200 in 380ms (compile: 7ms, render: 373ms)
 GET /admin/listings 200 in 400ms (compile: 53ms, render: 347ms)
 GET /login 200 in 280ms (compile: 59ms, render: 220ms)
 GET /agent/dashboard/new 200 in 287ms (compile: 6ms, render: 281ms)
 GET /admin/listings 200 in 212ms (compile: 6ms, render: 206ms)
 GET /login 200 in 261ms (compile: 7ms, render: 254ms)
 GET /agent/dashboard/new 200 in 220ms (compile: 7ms, render: 212ms)
 GET /admin/listings 200 in 242ms (compile: 43ms, render: 199ms)
 GET /login 200 in 238ms (compile: 5ms, render: 233ms)
 GET /agent/dashboard/new 200 in 240ms (compile: 47ms, render: 193ms)
 GET /login 200 in 330ms (compile: 7ms, render: 324ms)
 GET /agent/dashboard/new 200 in 332ms (compile: 53ms, render: 278ms)
 GET /admin/listings 200 in 522ms (compile: 7ms, render: 515ms)
 GET /login 200 in 222ms (compile: 5ms, render: 217ms)
 GET /agent/dashboard/new 200 in 173ms (compile: 7ms, render: 166ms)
 GET /admin/listings 200 in 463ms (compile: 7ms, render: 456ms)
 GET /login 200 in 200ms (compile: 6ms, render: 194ms)
 GET /agent/dashboard/new 200 in 202ms (compile: 34ms, render: 168ms)
 GET /admin/listings 200 in 406ms (compile: 38ms, render: 368ms)
 GET /login 200 in 224ms (compile: 6ms, render: 218ms)
 GET /agent/dashboard/new 200 in 191ms (compile: 6ms, render: 185ms)
 GET /admin/listings 200 in 395ms (compile: 6ms, render: 389ms)
 GET /login 200 in 254ms (compile: 6ms, render: 248ms)
 GET /agent/dashboard/new 200 in 220ms (compile: 7ms, render: 214ms)
 GET /admin/listings 200 in 473ms (compile: 40ms, render: 433ms)
 GET /login 200 in 240ms (compile: 5ms, render: 235ms)
 GET /agent/dashboard/new 200 in 205ms (compile: 8ms, render: 198ms)
 GET /admin/listings 200 in 492ms (compile: 46ms, render: 446ms)
 GET /login 200 in 210ms (compile: 7ms, render: 203ms)
 GET /agent/dashboard/new 200 in 212ms (compile: 44ms, render: 168ms)
 GET /admin/listings 200 in 452ms (compile: 44ms, render: 408ms)
 GET /login 200 in 321ms (compile: 5ms, render: 316ms)
 GET /agent/dashboard/new 200 in 286ms (compile: 7ms, render: 279ms)
 GET /admin/listings 200 in 499ms (compile: 6ms, render: 493ms)
 GET /admin/listings 200 in 315ms (compile: 49ms, render: 266ms)
 GET /login 200 in 354ms (compile: 5ms, render: 349ms)
 GET /agent/dashboard/new 200 in 301ms (compile: 6ms, render: 294ms)
 GET /login 200 in 246ms (compile: 7ms, render: 239ms)
 GET /agent/dashboard/new 200 in 210ms (compile: 7ms, render: 203ms)
 GET /admin/listings 200 in 620ms (compile: 65ms, render: 555ms)
 GET /login 200 in 251ms (compile: 6ms, render: 246ms)
 GET /agent/dashboard/new 200 in 194ms (compile: 7ms, render: 188ms)
 GET /admin/listings 200 in 670ms (compile: 7ms, render: 663ms)
 GET /login 200 in 221ms (compile: 6ms, render: 215ms)
 GET /agent/dashboard/new 200 in 183ms (compile: 7ms, render: 176ms)
 GET /admin/listings 200 in 451ms (compile: 45ms, render: 406ms)
 GET /login 200 in 222ms (compile: 5ms, render: 217ms)
 GET /agent/dashboard/new 200 in 191ms (compile: 7ms, render: 184ms)
 GET /admin/listings 200 in 405ms (compile: 7ms, render: 398ms)
 GET /admin/listings 200 in 459ms (compile: 36ms, render: 423ms)
 GET /login 200 in 248ms (compile: 6ms, render: 242ms)
 GET /agent/dashboard/new 200 in 210ms (compile: 6ms, render: 203ms)
 GET /admin/listings 200 in 449ms (compile: 4ms, render: 445ms)
 GET /login 200 in 257ms (compile: 45ms, render: 211ms)
 GET /agent/dashboard/new 200 in 260ms (compile: 6ms, render: 254ms)
 GET /login 200 in 231ms (compile: 5ms, render: 225ms)
 GET /agent/dashboard/new 200 in 197ms (compile: 4ms, render: 193ms)
 GET /admin/listings 200 in 444ms (compile: 6ms, render: 437ms)
 GET /login 200 in 250ms (compile: 7ms, render: 243ms)
 GET /agent/dashboard/new 200 in 212ms (compile: 7ms, render: 205ms)
 GET /admin/listings 200 in 485ms (compile: 36ms, render: 448ms)
 GET /login 200 in 229ms (compile: 8ms, render: 221ms)
 GET /agent/dashboard/new 200 in 185ms (compile: 6ms, render: 179ms)
 GET /admin/listings 200 in 471ms (compile: 48ms, render: 424ms)
 GET /login 200 in 266ms (compile: 5ms, render: 261ms)
 GET /agent/dashboard/new 200 in 222ms (compile: 7ms, render: 215ms)
 GET /admin/listings 200 in 442ms (compile: 7ms, render: 435ms)
 GET /admin/listings 200 in 529ms (compile: 49ms, render: 481ms)
 GET /login 200 in 204ms (compile: 55ms, render: 149ms)
 GET /agent/dashboard/new 200 in 49ms (compile: 6ms, render: 43ms)
 GET /admin/listings 200 in 312ms (compile: 7ms, render: 305ms)
 GET /login 200 in 209ms (compile: 4ms, render: 205ms)
 GET /agent/dashboard/new 200 in 178ms (compile: 8ms, render: 170ms)
 GET /login 200 in 267ms (compile: 5ms, render: 261ms)
 GET /agent/dashboard/new 200 in 226ms (compile: 6ms, render: 220ms)
 GET /admin/listings 200 in 432ms (compile: 6ms, render: 426ms)
 GET /login 200 in 231ms (compile: 5ms, render: 226ms)
 GET /agent/dashboard/new 200 in 193ms (compile: 5ms, render: 187ms)
 GET /admin/listings 200 in 485ms (compile: 41ms, render: 444ms)
 GET /admin/listings 200 in 319ms (compile: 6ms, render: 313ms)
 GET /login 200 in 245ms (compile: 6ms, render: 239ms)
 GET /agent/dashboard/new 200 in 204ms (compile: 9ms, render: 195ms)
 GET /admin/listings 200 in 184ms (compile: 6ms, render: 177ms)
 GET /login 200 in 209ms (compile: 5ms, render: 204ms)
 GET /agent/dashboard/new 200 in 176ms (compile: 6ms, render: 170ms)
 GET /admin/listings 200 in 463ms (compile: 36ms, render: 427ms)
 GET /login 200 in 268ms (compile: 51ms, render: 218ms)
 GET /agent/dashboard/new 200 in 271ms (compile: 7ms, render: 264ms)
 GET /login 200 in 294ms (compile: 6ms, render: 289ms)
 GET /agent/dashboard/new 200 in 296ms (compile: 38ms, render: 258ms)
 GET /admin/listings 200 in 521ms (compile: 6ms, render: 515ms)
 GET /admin/listings 200 in 249ms (compile: 7ms, render: 243ms)
 GET /login 200 in 131ms (compile: 5ms, render: 126ms)
 GET /agent/dashboard/new 200 in 78ms (compile: 5ms, render: 73ms)
 GET /login 200 in 259ms (compile: 5ms, render: 254ms)
 GET /agent/dashboard/new 200 in 211ms (compile: 7ms, render: 204ms)
 GET /admin/listings 200 in 231ms (compile: 54ms, render: 177ms)
 GET /agent/dashboard/new 200 in 201ms (compile: 6ms, render: 195ms)
 GET /agent/dashboard/new 200 in 177ms (compile: 71ms, render: 107ms)
 GET /admin/listings 200 in 347ms (compile: 5ms, render: 342ms)
 GET /admin/listings 200 in 390ms (compile: 6ms, render: 384ms)
 GET /admin/listings 200 in 208ms (compile: 5ms, render: 203ms)
 GET /admin/listings 200 in 362ms (compile: 5ms, render: 357ms)
 GET /admin/listings 200 in 370ms (compile: 4ms, render: 366ms)
 GET /admin/listings 200 in 381ms (compile: 5ms, render: 376ms)
 GET /admin/listings 200 in 539ms (compile: 5ms, render: 534ms)
 GET /admin/listings 200 in 272ms (compile: 23ms, render: 250ms)
 GET /admin/listings 200 in 424ms (compile: 5ms, render: 419ms)
 GET /admin/listings 200 in 225ms (compile: 5ms, render: 220ms)
 GET /admin/listings 200 in 350ms (compile: 5ms, render: 345ms)
 GET /admin/listings 200 in 192ms (compile: 5ms, render: 187ms)
 GET /admin/listings 200 in 162ms (compile: 5ms, render: 157ms)
 GET /admin/listings 200 in 204ms (compile: 9ms, render: 195ms)
 ✓ Compiled in 187ms
 GET /login 200 in 2.4s (compile: 45ms, render: 2.3s)
 GET /agent/dashboard/new 200 in 2.4s (compile: 374ms, render: 2.0s)
 GET /agent/dashboard 200 in 2.4s (compile: 574ms, render: 1826ms)
 GET /login 200 in 1647ms (compile: 215ms, render: 1432ms)
 GET /buy/Dei-Dei/150sqm-estate-in-dei-dei-abuja-1589 200 in 1706ms (compile: 75ms, render: 1631ms)
 GET /admin/listings 200 in 4.8s (compile: 10ms, render: 4.8s)
 GET /admin/listings 200 in 1159ms (compile: 40ms, render: 1119ms)
 ✓ Compiled in 221ms
 GET /agent/dashboard 200 in 69ms (compile: 7ms, render: 62ms)
 GET /login 200 in 1432ms (compile: 9ms, render: 1423ms)
 GET /agent/dashboard/new 200 in 1436ms (compile: 58ms, render: 1378ms)
 GET /login 200 in 925ms (compile: 11ms, render: 913ms)
 GET /buy/Dei-Dei/150sqm-estate-in-dei-dei-abuja-1589 200 in 949ms (compile: 112ms, render: 837ms)
 GET /admin/listings 200 in 1531ms (compile: 141ms, render: 1390ms)
 GET /admin/listings 200 in 1018ms (compile: 184ms, render: 833ms)
 GET /admin/agents 200 in 2.9s (compile: 321ms, render: 2.5s)
 ✓ Compiled in 243ms
 GET /admin/agents 200 in 6.3s (compile: 1736ms, render: 4.6s)
 GET /admin/agents 200 in 3.8s (compile: 9ms, render: 3.8s)
 GET /agent/dashboard/new 200 in 3.0s (compile: 238ms, render: 2.8s)
 GET /login 200 in 2.7s (compile: 592ms, render: 2.1s)
 GET /agent/dashboard 200 in 2.8s (compile: 1248ms, render: 1563ms)
 GET /login 200 in 1389ms (compile: 11ms, render: 1378ms)
 GET /buy/Dei-Dei/150sqm-estate-in-dei-dei-abuja-1589 200 in 1932ms (compile: 75ms, render: 1858ms)
 GET /admin/agents 200 in 1694ms (compile: 19ms, render: 1675ms)
 GET /agent/dashboard 200 in 970ms (compile: 13ms, render: 957ms)
 GET /login 200 in 911ms (compile: 114ms, render: 797ms)
 GET /agent/dashboard/new 200 in 991ms (compile: 64ms, render: 927ms)
 GET /login 200 in 1008ms (compile: 140ms, render: 868ms)
 GET /admin/agents 200 in 904ms (compile: 68ms, render: 835ms)
 GET /agent/dashboard 200 in 1030ms (compile: 10ms, render: 1020ms)
 GET /login 200 in 963ms (compile: 44ms, render: 919ms)
 GET /agent/dashboard/new 200 in 883ms (compile: 161ms, render: 722ms)
 GET /login 200 in 573ms (compile: 20ms, render: 553ms)
 GET /buy/Dei-Dei/150sqm-estate-in-dei-dei-abuja-1589 200 in 4.7s (compile: 338ms, render: 4.4s)
 GET /admin/agents 500 in 9.3s (compile: 1297ms, render: 8.0s)
 GET /admin/listings 200 in 4.8s (compile: 1116ms, render: 3.7s)
 GET /admin/listings 200 in 1756ms (compile: 85ms, render: 1671ms)
 GET /admin/listings 200 in 846ms (compile: 13ms, render: 833ms)
 GET /agent/dashboard/new 200 in 1005ms (compile: 9ms, render: 996ms)
 GET /login 200 in 1084ms (compile: 62ms, render: 1022ms)
 GET /agent/dashboard 200 in 1096ms (compile: 9ms, render: 1087ms)
 GET /login 200 in 995ms (compile: 8ms, render: 987ms)
 GET /login 200 in 285ms (compile: 64ms, render: 221ms)
 GET /agent/dashboard/new 200 in 289ms (compile: 118ms, render: 171ms)
 GET /agent/dashboard 200 in 203ms (compile: 39ms, render: 163ms)
 GET /admin/listings 200 in 746ms (compile: 8ms, render: 738ms)
 GET /login 200 in 706ms (compile: 6ms, render: 700ms)
 GET /login 200 in 483ms (compile: 96ms, render: 387ms)
 GET /agent/dashboard 200 in 236ms (compile: 20ms, render: 216ms)
 GET /agent/dashboard/new 200 in 234ms (compile: 89ms, render: 145ms)
 GET /admin/listings 200 in 711ms (compile: 9ms, render: 702ms)
 GET /login 200 in 1215ms (compile: 6ms, render: 1210ms)
 GET /login 200 in 1243ms (compile: 8ms, render: 1235ms)
 GET /agent/dashboard 200 in 1249ms (compile: 63ms, render: 1185ms)
 GET /agent/dashboard/new 200 in 1091ms (compile: 128ms, render: 963ms)
 GET /login 200 in 132ms (compile: 34ms, render: 98ms)
 GET /admin/listings 200 in 1123ms (compile: 49ms, render: 1074ms)
 GET /login 200 in 617ms (compile: 13ms, render: 604ms)
 GET /agent/dashboard/new 200 in 618ms (compile: 62ms, render: 557ms)
 GET /login 200 in 483ms (compile: 67ms, render: 415ms)
 GET /agent/dashboard 200 in 490ms (compile: 12ms, render: 478ms)
 GET /admin/listings 200 in 469ms (compile: 59ms, render: 410ms)
 GET /login 200 in 683ms (compile: 5ms, render: 678ms)
 GET /login 200 in 623ms (compile: 66ms, render: 557ms)
 GET /agent/dashboard 200 in 629ms (compile: 8ms, render: 621ms)
 GET /agent/dashboard/new 200 in 498ms (compile: 9ms, render: 489ms)
 GET /admin/listings 200 in 528ms (compile: 72ms, render: 456ms)
 GET /login 200 in 630ms (compile: 5ms, render: 624ms)
 GET /login 200 in 561ms (compile: 309ms, render: 251ms)
 GET /agent/dashboard 200 in 569ms (compile: 11ms, render: 558ms)
 GET /agent/dashboard/new 200 in 569ms (compile: 74ms, render: 495ms)
 GET /admin/listings 200 in 594ms (compile: 151ms, render: 443ms)
 GET /login 200 in 386ms (compile: 6ms, render: 379ms)
 GET /agent/dashboard 200 in 341ms (compile: 8ms, render: 333ms)
 GET /login 200 in 280ms (compile: 55ms, render: 225ms)
 GET /agent/dashboard/new 200 in 287ms (compile: 10ms, render: 277ms)
 GET /admin/listings 200 in 256ms (compile: 42ms, render: 214ms)
 GET /login 200 in 409ms (compile: 5ms, render: 404ms)
 GET /agent/dashboard 200 in 359ms (compile: 9ms, render: 350ms)
 GET /agent/dashboard/new 200 in 359ms (compile: 56ms, render: 303ms)
 GET /login 200 in 224ms (compile: 84ms, render: 141ms)
 GET /admin/listings 200 in 385ms (compile: 97ms, render: 289ms)
 GET /login 200 in 928ms (compile: 6ms, render: 922ms)
 GET /agent/dashboard 200 in 881ms (compile: 10ms, render: 871ms)
 GET /login 200 in 831ms (compile: 177ms, render: 654ms)
 GET /agent/dashboard/new 200 in 881ms (compile: 54ms, render: 828ms)
 GET /admin/listings 200 in 904ms (compile: 110ms, render: 794ms)
 GET /login 200 in 454ms (compile: 7ms, render: 447ms)
 GET /agent/dashboard/new 200 in 455ms (compile: 69ms, render: 386ms)
 GET /login 200 in 257ms (compile: 82ms, render: 175ms)
 GET /agent/dashboard 200 in 344ms (compile: 90ms, render: 254ms)
 GET /admin/listings 200 in 433ms (compile: 61ms, render: 373ms)
 GET /login 200 in 68ms (compile: 6ms, render: 62ms)
 GET /login 200 in 249ms (compile: 6ms, render: 242ms)
 GET /login 200 in 196ms (compile: 123ms, render: 73ms)
 GET /agent/dashboard/new 200 in 201ms (compile: 8ms, render: 194ms)
 GET /agent/dashboard 200 in 202ms (compile: 72ms, render: 130ms)
 GET /login 200 in 215ms (compile: 51ms, render: 164ms)
 GET /agent/dashboard/new 200 in 218ms (compile: 84ms, render: 135ms)
 GET /agent/dashboard 200 in 219ms (compile: 119ms, render: 99ms)
 GET /login 200 in 56ms (compile: 8ms, render: 47ms)
 GET /admin/listings 200 in 374ms (compile: 6ms, render: 369ms)
 GET /login 200 in 413ms (compile: 7ms, render: 407ms)
 GET /agent/dashboard/new 200 in 416ms (compile: 49ms, render: 367ms)
 GET /agent/dashboard 200 in 375ms (compile: 51ms, render: 324ms)
 GET /login 200 in 294ms (compile: 66ms, render: 227ms)
 GET /admin/listings 200 in 323ms (compile: 7ms, render: 316ms)
 GET /login 200 in 469ms (compile: 6ms, render: 462ms)
 GET /agent/dashboard/new 200 in 435ms (compile: 8ms, render: 427ms)
 GET /login 200 in 374ms (compile: 103ms, render: 271ms)
 GET /agent/dashboard 200 in 385ms (compile: 16ms, render: 369ms)
 GET /admin/listings 200 in 429ms (compile: 55ms, render: 374ms)
 GET /login 200 in 670ms (compile: 84ms, render: 586ms)
 GET /agent/dashboard/new 200 in 674ms (compile: 7ms, render: 666ms)
 GET /login 200 in 432ms (compile: 175ms, render: 256ms)
 GET /agent/dashboard 200 in 509ms (compile: 82ms, render: 426ms)
 GET /admin/listings 200 in 540ms (compile: 9ms, render: 531ms)
 GET /login 200 in 431ms (compile: 8ms, render: 423ms)
 GET /agent/dashboard/new 200 in 432ms (compile: 58ms, render: 373ms)
 GET /agent/dashboard 200 in 434ms (compile: 103ms, render: 331ms)
 GET /login 200 in 271ms (compile: 96ms, render: 175ms)
 GET /login 200 in 275ms (compile: 7ms, render: 267ms)
 GET /agent/dashboard/new 200 in 275ms (compile: 42ms, render: 233ms)
 GET /agent/dashboard 200 in 203ms (compile: 8ms, render: 195ms)
 GET /login 200 in 169ms (compile: 62ms, render: 106ms)
 GET /admin/listings 200 in 578ms (compile: 14ms, render: 563ms)
 GET /admin/listings 200 in 603ms (compile: 37ms, render: 566ms)
 GET /login 200 in 363ms (compile: 43ms, render: 320ms)
 GET /agent/dashboard/new 200 in 367ms (compile: 6ms, render: 360ms)
 GET /agent/dashboard 200 in 292ms (compile: 7ms, render: 284ms)
 GET /login 200 in 244ms (compile: 103ms, render: 142ms)
 GET /admin/listings 200 in 272ms (compile: 8ms, render: 264ms)
 GET /login 200 in 362ms (compile: 91ms, render: 271ms)
 GET /agent/dashboard/new 200 in 204ms (compile: 56ms, render: 147ms)
 GET /login 200 in 47ms (compile: 6ms, render: 41ms)
 GET /agent/dashboard 200 in 207ms (compile: 104ms, render: 103ms)
 GET /admin/listings 200 in 397ms (compile: 9ms, render: 387ms)
 GET /login 200 in 315ms (compile: 5ms, render: 309ms)
 GET /login 200 in 275ms (compile: 134ms, render: 141ms)
 GET /agent/dashboard 200 in 281ms (compile: 9ms, render: 272ms)
 GET /agent/dashboard/new 200 in 281ms (compile: 105ms, render: 175ms)
 GET /admin/listings 200 in 310ms (compile: 47ms, render: 263ms)
 GET /login 200 in 502ms (compile: 5ms, render: 498ms)
 GET /login 200 in 442ms (compile: 147ms, render: 295ms)
 GET /agent/dashboard/new 200 in 450ms (compile: 12ms, render: 438ms)
 GET /agent/dashboard 200 in 449ms (compile: 122ms, render: 327ms)
 GET /admin/listings 200 in 475ms (compile: 60ms, render: 415ms)
 GET /login 200 in 248ms (compile: 9ms, render: 239ms)
 GET /agent/dashboard/new 200 in 251ms (compile: 54ms, render: 196ms)
 GET /login 200 in 141ms (compile: 71ms, render: 69ms)
 GET /agent/dashboard 200 in 146ms (compile: 8ms, render: 137ms)
 GET /login 200 in 262ms (compile: 8ms, render: 253ms)
 GET /agent/dashboard/new 200 in 264ms (compile: 71ms, render: 193ms)
 GET /agent/dashboard 200 in 133ms (compile: 13ms, render: 119ms)
 GET /login 200 in 88ms (compile: 7ms, render: 81ms)
 GET /admin/listings 200 in 728ms (compile: 24ms, render: 704ms)
 GET /login 200 in 311ms (compile: 6ms, render: 305ms)
 GET /login 200 in 256ms (compile: 79ms, render: 177ms)
 GET /agent/dashboard 200 in 261ms (compile: 8ms, render: 253ms)
 GET /agent/dashboard/new 200 in 262ms (compile: 48ms, render: 214ms)
 GET /admin/listings 200 in 211ms (compile: 34ms, render: 178ms)
 GET /login 200 in 374ms (compile: 56ms, render: 318ms)
 GET /agent/dashboard 200 in 380ms (compile: 7ms, render: 373ms)
 GET /agent/dashboard/new 200 in 293ms (compile: 9ms, render: 284ms)
 GET /login 200 in 256ms (compile: 72ms, render: 185ms)
 GET /admin/listings 200 in 322ms (compile: 39ms, render: 283ms)
 GET /login 200 in 338ms (compile: 8ms, render: 330ms)
 GET /agent/dashboard 200 in 340ms (compile: 54ms, render: 286ms)
 GET /agent/dashboard/new 200 in 247ms (compile: 10ms, render: 237ms)
 GET /login 200 in 199ms (compile: 39ms, render: 159ms)
 GET /admin/listings 200 in 801ms (compile: 8ms, render: 793ms)
 GET /login 200 in 592ms (compile: 7ms, render: 585ms)
 GET /agent/dashboard 200 in 551ms (compile: 8ms, render: 542ms)
 GET /login 200 in 516ms (compile: 138ms, render: 378ms)
 GET /agent/dashboard/new 200 in 553ms (compile: 39ms, render: 514ms)
 GET /admin/listings 200 in 584ms (compile: 76ms, render: 508ms)
 GET /login 200 in 392ms (compile: 7ms, render: 385ms)
 GET /login 200 in 334ms (compile: 110ms, render: 224ms)
 GET /agent/dashboard 200 in 339ms (compile: 11ms, render: 328ms)
 GET /agent/dashboard/new 200 in 340ms (compile: 63ms, render: 277ms)
 GET /admin/listings 200 in 217ms (compile: 8ms, render: 208ms)
 GET /login 200 in 362ms (compile: 6ms, render: 356ms)
 GET /agent/dashboard 200 in 364ms (compile: 43ms, render: 321ms)
 GET /agent/dashboard/new 200 in 328ms (compile: 51ms, render: 276ms)
 GET /login 200 in 242ms (compile: 64ms, render: 178ms)
 GET /admin/listings 200 in 268ms (compile: 23ms, render: 245ms)
 GET /login 200 in 422ms (compile: 6ms, render: 416ms)
 GET /login 200 in 374ms (compile: 156ms, render: 217ms)
 GET /agent/dashboard 200 in 381ms (compile: 9ms, render: 371ms)
 GET /agent/dashboard/new 200 in 383ms (compile: 45ms, render: 338ms)
 GET /admin/listings 200 in 425ms (compile: 80ms, render: 345ms)
 GET /login 200 in 325ms (compile: 7ms, render: 318ms)
 GET /agent/dashboard 200 in 281ms (compile: 8ms, render: 272ms)
 GET /login 200 in 236ms (compile: 123ms, render: 113ms)
 GET /agent/dashboard/new 200 in 282ms (compile: 48ms, render: 234ms)
 GET /admin/listings 200 in 348ms (compile: 89ms, render: 259ms)
 GET /login 200 in 315ms (compile: 6ms, render: 308ms)
 GET /agent/dashboard 200 in 280ms (compile: 45ms, render: 235ms)
 GET /agent/dashboard/new 200 in 285ms (compile: 10ms, render: 275ms)
 GET /login 200 in 211ms (compile: 36ms, render: 176ms)
 GET /admin/listings 200 in 237ms (compile: 7ms, render: 230ms)
 GET /login 200 in 304ms (compile: 7ms, render: 297ms)
 GET /agent/dashboard 200 in 305ms (compile: 40ms, render: 265ms)
 GET /login 200 in 227ms (compile: 72ms, render: 156ms)
 GET /agent/dashboard/new 200 in 235ms (compile: 9ms, render: 225ms)
 GET /login 200 in 499ms (compile: 6ms, render: 493ms)
 GET /login 200 in 453ms (compile: 161ms, render: 292ms)
 GET /agent/dashboard 200 in 459ms (compile: 10ms, render: 449ms)
 GET /agent/dashboard/new 200 in 459ms (compile: 50ms, render: 410ms)
 GET /admin/listings 200 in 774ms (compile: 40ms, render: 734ms)
 GET /admin/listings 200 in 487ms (compile: 81ms, render: 406ms)
 GET /login 200 in 61ms (compile: 5ms, render: 55ms)
 GET /login 200 in 355ms (compile: 5ms, render: 350ms)
 GET /agent/dashboard 200 in 299ms (compile: 8ms, render: 291ms)
 GET /agent/dashboard/new 200 in 300ms (compile: 49ms, render: 251ms)
 GET /login 200 in 216ms (compile: 11ms, render: 205ms)
 GET /admin/listings 200 in 195ms (compile: 7ms, render: 188ms)
 GET /login 200 in 427ms (compile: 7ms, render: 420ms)
 GET /agent/dashboard 200 in 428ms (compile: 39ms, render: 389ms)
 GET /login 200 in 330ms (compile: 178ms, render: 152ms)
 GET /agent/dashboard/new 200 in 335ms (compile: 113ms, render: 223ms)
 GET /admin/listings 200 in 363ms (compile: 8ms, render: 355ms)
 GET /login 200 in 337ms (compile: 8ms, render: 329ms)
 GET /agent/dashboard 200 in 338ms (compile: 55ms, render: 284ms)
 GET /agent/dashboard/new 200 in 254ms (compile: 8ms, render: 245ms)
 GET /login 200 in 214ms (compile: 72ms, render: 141ms)
 GET /admin/listings 200 in 277ms (compile: 42ms, render: 234ms)
 GET /login 200 in 310ms (compile: 6ms, render: 304ms)
 GET /agent/dashboard 200 in 269ms (compile: 9ms, render: 260ms)
 GET /login 200 in 226ms (compile: 113ms, render: 113ms)
 GET /agent/dashboard/new 200 in 269ms (compile: 46ms, render: 223ms)
 GET /admin/listings 200 in 295ms (compile: 87ms, render: 208ms)
 GET /login 200 in 369ms (compile: 7ms, render: 362ms)
 GET /agent/dashboard 200 in 371ms (compile: 47ms, render: 324ms)
 GET /login 200 in 284ms (compile: 146ms, render: 139ms)
 GET /agent/dashboard/new 200 in 289ms (compile: 9ms, render: 280ms)
 GET /admin/listings 200 in 312ms (compile: 60ms, render: 252ms)
 GET /login 200 in 408ms (compile: 6ms, render: 403ms)
 GET /agent/dashboard 200 in 364ms (compile: 12ms, render: 351ms)
 GET /login 200 in 306ms (compile: 126ms, render: 181ms)
 GET /agent/dashboard/new 200 in 365ms (compile: 61ms, render: 305ms)
 GET /admin/listings 200 in 391ms (compile: 99ms, render: 292ms)
 GET /login 200 in 464ms (compile: 6ms, render: 458ms)
 GET /agent/dashboard 200 in 420ms (compile: 66ms, render: 354ms)
 GET /agent/dashboard/new 200 in 423ms (compile: 8ms, render: 414ms)
 GET /login 200 in 255ms (compile: 78ms, render: 177ms)
 GET /admin/listings 200 in 449ms (compile: 96ms, render: 352ms)
 GET /login 200 in 624ms (compile: 84ms, render: 540ms)
 GET /agent/dashboard 200 in 619ms (compile: 6ms, render: 613ms)
 GET /login 200 in 430ms (compile: 109ms, render: 322ms)
 GET /agent/dashboard/new 200 in 435ms (compile: 11ms, render: 425ms)
 GET /admin/listings 200 in 316ms (compile: 15ms, render: 301ms)
 GET /login 200 in 505ms (compile: 6ms, render: 499ms)
 GET /agent/dashboard 200 in 458ms (compile: 9ms, render: 449ms)
 GET /login 200 in 369ms (compile: 65ms, render: 304ms)
 GET /agent/dashboard/new 200 in 395ms (compile: 28ms, render: 367ms)
 GET /admin/listings 200 in 358ms (compile: 42ms, render: 316ms)
 GET /login 200 in 565ms (compile: 8ms, render: 556ms)
 GET /agent/dashboard 200 in 565ms (compile: 84ms, render: 482ms)
 GET /login 200 in 389ms (compile: 61ms, render: 328ms)
 GET /agent/dashboard/new 200 in 395ms (compile: 8ms, render: 387ms)
 GET /admin/listings 200 in 314ms (compile: 6ms, render: 308ms)
 GET /login 200 in 286ms (compile: 5ms, render: 281ms)
 GET /agent/dashboard 200 in 228ms (compile: 6ms, render: 222ms)
 GET /login 200 in 105ms (compile: 8ms, render: 97ms)
 GET /agent/dashboard/new 200 in 65ms (compile: 6ms, render: 60ms)
 GET /agent/dashboard 200 in 447ms (compile: 5ms, render: 442ms)
 GET /login 200 in 318ms (compile: 7ms, render: 311ms)
 GET /agent/dashboard/new 200 in 389ms (compile: 6ms, render: 383ms)
 GET /login 200 in 262ms (compile: 45ms, render: 217ms)
 GET /admin/listings 200 in 299ms (compile: 7ms, render: 291ms)
 GET /agent/dashboard 200 in 537ms (compile: 5ms, render: 532ms)
 GET /login 200 in 485ms (compile: 6ms, render: 479ms)
 GET /agent/dashboard/new 200 in 487ms (compile: 40ms, render: 447ms)
 GET /login 200 in 394ms (compile: 142ms, render: 252ms)
 GET /admin/listings 200 in 428ms (compile: 8ms, render: 420ms)
 GET /agent/dashboard 200 in 606ms (compile: 8ms, render: 598ms)
 GET /login 200 in 657ms (compile: 9ms, render: 648ms)
 GET /login 200 in 576ms (compile: 101ms, render: 475ms)
 GET /agent/dashboard/new 200 in 586ms (compile: 15ms, render: 571ms)
 GET /agent/dashboard 200 in 367ms (compile: 41ms, render: 326ms)
 GET /login 200 in 205ms (compile: 13ms, render: 191ms)
 GET /login 200 in 116ms (compile: 63ms, render: 52ms)
 GET /agent/dashboard/new 200 in 119ms (compile: 8ms, render: 111ms)
 GET /admin/listings 200 in 648ms (compile: 8ms, render: 640ms)
 GET /login 200 in 278ms (compile: 173ms, render: 105ms)
 GET /agent/dashboard/new 200 in 284ms (compile: 69ms, render: 215ms)
 GET /agent/dashboard 200 in 286ms (compile: 128ms, render: 158ms)
 GET /login 200 in 69ms (compile: 6ms, render: 63ms)
 GET /admin/listings 200 in 513ms (compile: 5ms, render: 507ms)
 GET /login 200 in 287ms (compile: 6ms, render: 281ms)
 GET /agent/dashboard 200 in 237ms (compile: 59ms, render: 178ms)
 GET /agent/dashboard/new 200 in 290ms (compile: 57ms, render: 233ms)
 GET /login 200 in 110ms (compile: 7ms, render: 103ms)
 GET /login 200 in 139ms (compile: 6ms, render: 133ms)
 GET /agent/dashboard/new 200 in 143ms (compile: 35ms, render: 108ms)
 GET /agent/dashboard 200 in 144ms (compile: 66ms, render: 78ms)
 GET /login 200 in 48ms (compile: 6ms, render: 42ms)
 GET /admin/listings 200 in 453ms (compile: 27ms, render: 425ms)
 GET /agent/dashboard/new 200 in 320ms (compile: 8ms, render: 312ms)
 GET /login 200 in 273ms (compile: 8ms, render: 265ms)
 GET /agent/dashboard 200 in 274ms (compile: 34ms, render: 240ms)
 GET /login 200 in 116ms (compile: 66ms, render: 50ms)
 GET /login 200 in 318ms (compile: 6ms, render: 312ms)
 GET /agent/dashboard/new 200 in 321ms (compile: 40ms, render: 281ms)
 GET /agent/dashboard 200 in 289ms (compile: 47ms, render: 243ms)
 GET /login 200 in 204ms (compile: 46ms, render: 158ms)
 GET /admin/listings 200 in 597ms (compile: 34ms, render: 563ms)
 GET /admin/listings 200 in 230ms (compile: 7ms, render: 222ms)
 GET /agent/dashboard/new 200 in 507ms (compile: 5ms, render: 501ms)
 GET /login 200 in 440ms (compile: 9ms, render: 431ms)
 GET /agent/dashboard 200 in 442ms (compile: 58ms, render: 384ms)
 GET /login 200 in 149ms (compile: 82ms, render: 67ms)
 GET /admin/listings 200 in 468ms (compile: 119ms, render: 349ms)
 GET /login 200 in 565ms (compile: 57ms, render: 508ms)
 GET /agent/dashboard/new 200 in 572ms (compile: 6ms, render: 565ms)
 GET /login 200 in 410ms (compile: 10ms, render: 400ms)
 GET /agent/dashboard 200 in 472ms (compile: 8ms, render: 464ms)
 GET /admin/listings 200 in 745ms (compile: 8ms, render: 737ms)
 GET /login 200 in 382ms (compile: 7ms, render: 375ms)
 GET /agent/dashboard/new 200 in 382ms (compile: 45ms, render: 337ms)
 GET /agent/dashboard 200 in 303ms (compile: 23ms, render: 280ms)
 GET /login 200 in 249ms (compile: 37ms, render: 212ms)
 GET /admin/listings 200 in 271ms (compile: 6ms, render: 265ms)
 GET /login 200 in 376ms (compile: 7ms, render: 369ms)
 GET /agent/dashboard/new 200 in 380ms (compile: 44ms, render: 336ms)
 GET /agent/dashboard 200 in 381ms (compile: 74ms, render: 307ms)
 GET /login 200 in 269ms (compile: 93ms, render: 176ms)
 GET /admin/listings 200 in 623ms (compile: 8ms, render: 615ms)
 GET /login 200 in 344ms (compile: 5ms, render: 339ms)
 GET /login 200 in 301ms (compile: 109ms, render: 192ms)
 GET /agent/dashboard 200 in 305ms (compile: 45ms, render: 260ms)
 GET /agent/dashboard/new 200 in 308ms (compile: 8ms, render: 300ms)
 GET /admin/listings 200 in 327ms (compile: 77ms, render: 250ms)
 GET /login 200 in 446ms (compile: 7ms, render: 439ms)
 GET /agent/dashboard 200 in 449ms (compile: 51ms, render: 398ms)
 GET /login 200 in 274ms (compile: 105ms, render: 169ms)
 GET /agent/dashboard/new 200 in 318ms (compile: 48ms, render: 270ms)
 GET /admin/listings 200 in 426ms (compile: 51ms, render: 375ms)
 GET /login 200 in 740ms (compile: 6ms, render: 734ms)
 GET /agent/dashboard/new 200 in 689ms (compile: 78ms, render: 610ms)
 GET /agent/dashboard 200 in 694ms (compile: 8ms, render: 686ms)
 GET /login 200 in 540ms (compile: 12ms, render: 528ms)
 GET /admin/listings 200 in 493ms (compile: 10ms, render: 483ms)
 GET /login 200 in 647ms (compile: 116ms, render: 531ms)
 GET /agent/dashboard/new 200 in 648ms (compile: 8ms, render: 640ms)
 GET /agent/dashboard 200 in 456ms (compile: 100ms, render: 356ms)
 GET /login 200 in 231ms (compile: 105ms, render: 126ms)
 GET /admin/listings 200 in 487ms (compile: 14ms, render: 473ms)
 GET /login 200 in 463ms (compile: 6ms, render: 457ms)
 GET /agent/dashboard/new 200 in 466ms (compile: 63ms, render: 403ms)
 GET /agent/dashboard 200 in 410ms (compile: 70ms, render: 340ms)
 GET /login 200 in 283ms (compile: 7ms, render: 276ms)
 GET /login 200 in 317ms (compile: 5ms, render: 312ms)
 GET /login 200 in 276ms (compile: 106ms, render: 170ms)
 GET /agent/dashboard/new 200 in 280ms (compile: 8ms, render: 272ms)
 GET /agent/dashboard 200 in 281ms (compile: 40ms, render: 241ms)
 GET /admin/listings 200 in 571ms (compile: 8ms, render: 563ms)
 GET /admin/listings 200 in 304ms (compile: 73ms, render: 231ms)
 GET /login 200 in 333ms (compile: 7ms, render: 326ms)
 GET /agent/dashboard/new 200 in 334ms (compile: 37ms, render: 298ms)
 GET /agent/dashboard 200 in 265ms (compile: 6ms, render: 258ms)
 GET /login 200 in 228ms (compile: 81ms, render: 147ms)
 GET /admin/listings 200 in 288ms (compile: 41ms, render: 247ms)
 GET /login 200 in 296ms (compile: 6ms, render: 291ms)
 GET /agent/dashboard/new 200 in 298ms (compile: 37ms, render: 262ms)
 GET /login 200 in 182ms (compile: 8ms, render: 174ms)
 GET /agent/dashboard 200 in 269ms (compile: 39ms, render: 230ms)
 GET /admin/listings 200 in 170ms (compile: 6ms, render: 165ms)
 GET /login 200 in 499ms (compile: 6ms, render: 493ms)
 GET /agent/dashboard/new 200 in 502ms (compile: 36ms, render: 466ms)
 GET /login 200 in 307ms (compile: 107ms, render: 200ms)
 GET /agent/dashboard 200 in 440ms (compile: 9ms, render: 430ms)
 GET /admin/listings 200 in 905ms (compile: 62ms, render: 843ms)
 GET /login 200 in 441ms (compile: 6ms, render: 435ms)
 GET /agent/dashboard/new 200 in 404ms (compile: 5ms, render: 399ms)
 GET /login 200 in 310ms (compile: 79ms, render: 231ms)
 GET /agent/dashboard 200 in 376ms (compile: 68ms, render: 308ms)
 GET /admin/listings 200 in 439ms (compile: 36ms, render: 403ms)
 GET /login 200 in 521ms (compile: 4ms, render: 517ms)
 GET /agent/dashboard/new 200 in 469ms (compile: 13ms, render: 457ms)
 GET /agent/dashboard 200 in 467ms (compile: 208ms, render: 260ms)
 GET /admin/listings 200 in 493ms (compile: 77ms, render: 416ms)
 GET /login 200 in 501ms (compile: 5ms, render: 497ms)
 GET /agent/dashboard/new 200 in 444ms (compile: 9ms, render: 436ms)
 GET /agent/dashboard 200 in 445ms (compile: 90ms, render: 355ms)
 GET /admin/listings 200 in 317ms (compile: 9ms, render: 308ms)
 GET /admin/listings 200 in 207ms (compile: 5ms, render: 201ms)
 GET /admin/listings 200 in 269ms (compile: 5ms, render: 263ms)
 GET /admin/listings 200 in 547ms (compile: 6ms, render: 541ms)
 GET /admin/listings 200 in 296ms (compile: 6ms, render: 290ms)
 GET /admin/listings 200 in 307ms (compile: 5ms, render: 302ms)
 GET /admin/listings 200 in 399ms (compile: 5ms, render: 394ms)
 ✓ Compiled in 358ms
 GET /login 200 in 3.6s (compile: 61ms, render: 3.5s)
 GET /login 200 in 2.2s (compile: 2.0s, render: 221ms)
 GET /agent/dashboard/new 200 in 2.6s (compile: 1221ms, render: 1353ms)
 GET /admin/agents 200 in 2.6s (compile: 375ms, render: 2.2s)
 GET /buy/Dei-Dei/150sqm-estate-in-dei-dei-abuja-1589 200 in 3.6s (compile: 478ms, render: 3.1s)
 GET /buy/Dei-Dei/150sqm-estate-in-dei-dei-abuja-1589 200 in 3.8s (compile: 1351ms, render: 2.4s)
 ✓ Compiled in 256ms
 GET /admin/agents 500 in 6.7s (compile: 395ms, render: 6.3s)
 GET /login 200 in 456ms (compile: 20ms, render: 436ms)
 GET /buy/Dei-Dei/150sqm-estate-in-dei-dei-abuja-1589 200 in 466ms (compile: 9ms, render: 457ms)
 GET /buy/Dei-Dei/150sqm-estate-in-dei-dei-abuja-1589 200 in 268ms (compile: 8ms, render: 260ms)
 GET /buy/Dei-Dei/150sqm-estate-in-dei-dei-abuja-1589 200 in 176ms (compile: 7ms, render: 169ms)
 GET /buy/Dei-Dei/150sqm-estate-in-dei-dei-abuja-1589 200 in 486ms (compile: 16ms, render: 470ms)
 GET /buy/Dei-Dei/150sqm-estate-in-dei-dei-abuja-1589 200 in 1601ms (compile: 23ms, render: 1578ms)
 GET /agent/dashboard 200 in 143ms (compile: 37ms, render: 106ms)
 GET /login 200 in 264ms (compile: 15ms, render: 249ms)
 GET /agent/dashboard 200 in 264ms (compile: 133ms, render: 131ms)
 GET /admin/listings 200 in 957ms (compile: 70ms, render: 887ms)
 GET /agent/dashboard 200 in 104ms (compile: 6ms, render: 98ms)
 GET /agent/dashboard/new 200 in 75ms (compile: 5ms, render: 69ms)
 GET /login 200 in 403ms (compile: 73ms, render: 329ms)
 GET /agent/dashboard 200 in 390ms (compile: 229ms, render: 160ms)
 GET /agent/dashboard 200 in 599ms (compile: 5ms, render: 594ms)
 GET /login 200 in 509ms (compile: 146ms, render: 362ms)
 GET /agent/dashboard/new 200 in 232ms (compile: 8ms, render: 224ms)
 GET /login 200 in 454ms (compile: 10ms, render: 444ms)
 GET /agent/dashboard 200 in 383ms (compile: 13ms, render: 370ms)
 GET /login 200 in 170ms (compile: 58ms, render: 111ms)
 GET /agent/dashboard/new 200 in 122ms (compile: 46ms, render: 77ms)
 GET /login 200 in 239ms (compile: 104ms, render: 135ms)
 GET /agent/dashboard 200 in 279ms (compile: 44ms, render: 235ms)
 GET /agent/dashboard/new 200 in 245ms (compile: 132ms, render: 113ms)
 GET /login 200 in 80ms (compile: 11ms, render: 69ms)
 GET /login 200 in 285ms (compile: 11ms, render: 274ms)
 GET /agent/dashboard/new 200 in 286ms (compile: 57ms, render: 229ms)
 GET /agent/dashboard 200 in 288ms (compile: 114ms, render: 175ms)
 GET /login 200 in 119ms (compile: 9ms, render: 110ms)
 GET /login 200 in 323ms (compile: 77ms, render: 247ms)
 GET /agent/dashboard 200 in 331ms (compile: 12ms, render: 319ms)
 GET /agent/dashboard/new 200 in 331ms (compile: 128ms, render: 203ms)
 GET /login 200 in 143ms (compile: 10ms, render: 133ms)
 GET /admin/listings 200 in 2.6s (compile: 10ms, render: 2.6s)
 GET /admin/listings 200 in 2.1s (compile: 78ms, render: 1984ms)
 GET /admin/listings 200 in 1692ms (compile: 6ms, render: 1685ms)
 GET /admin/listings 200 in 1301ms (compile: 8ms, render: 1293ms)
 GET /admin/listings 200 in 785ms (compile: 7ms, render: 777ms)
 GET /agent/dashboard 200 in 70ms (compile: 8ms, render: 61ms)
 GET /agent/dashboard 200 in 66ms (compile: 5ms, render: 61ms)
 GET /agent/dashboard 200 in 100ms (compile: 6ms, render: 93ms)
 GET /agent/dashboard 200 in 184ms (compile: 5ms, render: 179ms)
 GET /agent/dashboard/new 200 in 129ms (compile: 5ms, render: 124ms)
 GET /login 200 in 309ms (compile: 8ms, render: 301ms)
 GET /agent/dashboard 200 in 251ms (compile: 12ms, render: 239ms)
 GET /login 200 in 173ms (compile: 12ms, render: 162ms)
 GET /agent/dashboard/new 200 in 97ms (compile: 8ms, render: 89ms)
 GET /admin/listings 200 in 965ms (compile: 112ms, render: 853ms)
 GET /agent/dashboard 200 in 67ms (compile: 5ms, render: 62ms)
 GET /agent/dashboard 200 in 67ms (compile: 6ms, render: 61ms)
 GET /login 200 in 58ms (compile: 6ms, render: 52ms)
 GET /login 200 in 54ms (compile: 6ms, render: 48ms)
 GET /agent/dashboard/new 200 in 68ms (compile: 5ms, render: 63ms)
 GET /agent/dashboard/new 200 in 65ms (compile: 5ms, render: 60ms)
 GET /agent/dashboard/new 200 in 94ms (compile: 5ms, render: 89ms)
 GET /login 200 in 178ms (compile: 6ms, render: 171ms)
 GET /agent/dashboard/new 200 in 92ms (compile: 7ms, render: 85ms)
 GET /login 200 in 139ms (compile: 5ms, render: 135ms)
 GET /agent/dashboard/new 200 in 85ms (compile: 7ms, render: 78ms)
 GET /login 200 in 55ms (compile: 5ms, render: 50ms)
 GET /agent/dashboard/new 200 in 207ms (compile: 6ms, render: 202ms)
 GET /login 200 in 143ms (compile: 7ms, render: 136ms)
 GET /login 200 in 76ms (compile: 6ms, render: 69ms)
 GET /agent/dashboard/new 200 in 68ms (compile: 6ms, render: 63ms)
 GET /agent/dashboard/new 200 in 705ms (compile: 8ms, render: 697ms)
 GET /login 200 in 634ms (compile: 6ms, render: 628ms)
 GET /login 200 in 198ms (compile: 12ms, render: 187ms)
 GET /agent/dashboard 200 in 197ms (compile: 67ms, render: 129ms)
 GET /admin/listings 200 in 608ms (compile: 8ms, render: 599ms)
 GET /login 200 in 76ms (compile: 6ms, render: 70ms)
 GET /agent/dashboard/new 200 in 60ms (compile: 5ms, render: 55ms)
 GET /login 200 in 122ms (compile: 6ms, render: 116ms)
 GET /agent/dashboard 200 in 124ms (compile: 56ms, render: 68ms)
 GET /agent/dashboard 200 in 56ms (compile: 5ms, render: 51ms)
 GET /login 200 in 199ms (compile: 6ms, render: 194ms)
 GET /agent/dashboard/new 200 in 154ms (compile: 5ms, render: 148ms)
 GET /login 200 in 85ms (compile: 11ms, render: 73ms)
 GET /agent/dashboard 200 in 312ms (compile: 8ms, render: 304ms)
 GET /login 200 in 255ms (compile: 8ms, render: 247ms)
 GET /agent/dashboard/new 200 in 255ms (compile: 59ms, render: 195ms)
 GET /login 200 in 116ms (compile: 6ms, render: 110ms)
 GET /admin/listings 200 in 656ms (compile: 7ms, render: 650ms)
 GET /login 200 in 236ms (compile: 5ms, render: 231ms)
 GET /agent/dashboard/new 200 in 186ms (compile: 60ms, render: 126ms)
 GET /login 200 in 71ms (compile: 7ms, render: 64ms)
 GET /agent/dashboard 200 in 192ms (compile: 7ms, render: 185ms)
 GET /login 200 in 67ms (compile: 5ms, render: 62ms)
 GET /login 200 in 890ms (compile: 16ms, render: 874ms)
 GET /agent/dashboard 200 in 897ms (compile: 136ms, render: 760ms)
 GET /agent/dashboard/new 200 in 900ms (compile: 198ms, render: 701ms)
 GET /login 200 in 79ms (compile: 6ms, render: 73ms)
 GET /admin/listings 200 in 926ms (compile: 72ms, render: 854ms)
 GET /login 200 in 440ms (compile: 5ms, render: 435ms)
 GET /login 200 in 361ms (compile: 162ms, render: 199ms)
 GET /agent/dashboard 200 in 368ms (compile: 10ms, render: 358ms)
 GET /agent/dashboard/new 200 in 369ms (compile: 73ms, render: 296ms)
 GET /admin/listings 200 in 394ms (compile: 122ms, render: 272ms)
 GET /login 200 in 361ms (compile: 6ms, render: 355ms)
 GET /agent/dashboard 200 in 304ms (compile: 15ms, render: 289ms)
 GET /login 200 in 300ms (compile: 231ms, render: 68ms)
 GET /agent/dashboard/new 200 in 306ms (compile: 126ms, render: 180ms)
 GET /login 200 in 430ms (compile: 7ms, render: 423ms)
 GET /login 200 in 173ms (compile: 78ms, render: 95ms)
 GET /agent/dashboard/new 200 in 378ms (compile: 48ms, render: 330ms)
 GET /agent/dashboard 200 in 381ms (compile: 7ms, render: 374ms)
 GET /login 200 in 296ms (compile: 5ms, render: 291ms)
 GET /login 200 in 255ms (compile: 133ms, render: 122ms)
 GET /agent/dashboard 200 in 259ms (compile: 40ms, render: 219ms)
 GET /agent/dashboard/new 200 in 262ms (compile: 9ms, render: 254ms)
 GET /admin/listings 200 in 715ms (compile: 124ms, render: 591ms)
 GET /login 200 in 947ms (compile: 5ms, render: 942ms)
 GET /admin/listings 200 in 1242ms (compile: 70ms, render: 1171ms)
 GET /login 200 in 892ms (compile: 600ms, render: 293ms)
 GET /agent/dashboard/new 200 in 916ms (compile: 39ms, render: 877ms)
 GET /agent/dashboard 200 in 914ms (compile: 135ms, render: 778ms)
 GET /admin/listings 200 in 927ms (compile: 252ms, render: 675ms)
 GET /login 200 in 265ms (compile: 6ms, render: 260ms)
 GET /agent/dashboard 200 in 212ms (compile: 79ms, render: 134ms)
 GET /agent/dashboard/new 200 in 217ms (compile: 7ms, render: 210ms)
 GET /login 200 in 81ms (compile: 8ms, render: 73ms)
 GET /login 200 in 398ms (compile: 5ms, render: 393ms)
 GET /admin/listings 200 in 374ms (compile: 5ms, render: 369ms)
 GET /login 200 in 338ms (compile: 228ms, render: 110ms)
 GET /agent/dashboard/new 200 in 339ms (compile: 44ms, render: 294ms)
 GET /agent/dashboard 200 in 342ms (compile: 141ms, render: 202ms)
 ✓ Compiled in 155ms
 GET /login 200 in 1787ms (compile: 63ms, render: 1725ms)
 GET /agent/dashboard 200 in 1791ms (compile: 6ms, render: 1785ms)
 GET /login 200 in 691ms (compile: 77ms, render: 613ms)
 GET /agent/dashboard/new 200 in 696ms (compile: 11ms, render: 685ms)
 GET /login 200 in 162ms (compile: 7ms, render: 154ms)
 GET /agent/dashboard 200 in 163ms (compile: 66ms, render: 97ms)
 GET /admin/listings 200 in 728ms (compile: 132ms, render: 596ms)
 GET /login 200 in 679ms (compile: 6ms, render: 673ms)
 GET /agent/dashboard/new 200 in 778ms (compile: 67ms, render: 710ms)
 GET /agent/dashboard 200 in 782ms (compile: 8ms, render: 774ms)
 GET /login 200 in 678ms (compile: 10ms, render: 668ms)
 GET /login 200 in 1140ms (compile: 11ms, render: 1129ms)
 GET /agent/dashboard 200 in 1146ms (compile: 103ms, render: 1043ms)
 GET /agent/dashboard/new 200 in 1067ms (compile: 155ms, render: 912ms)
 GET /login 200 in 780ms (compile: 29ms, render: 751ms)
 GET /admin/listings 200 in 1845ms (compile: 7ms, render: 1837ms)
 GET /admin/listings 200 in 940ms (compile: 92ms, render: 848ms)
 GET /admin/agents 500 in 4.1s (compile: 507ms, render: 3.6s)
 GET /login 200 in 309ms (compile: 5ms, render: 304ms)
 GET /login 200 in 114ms (compile: 32ms, render: 82ms)
 GET /agent/dashboard 200 in 251ms (compile: 7ms, render: 244ms)
 GET /agent/dashboard/new 200 in 252ms (compile: 73ms, render: 179ms)
 GET /login 200 in 59ms (compile: 5ms, render: 55ms)
 GET /login 200 in 58ms (compile: 6ms, render: 52ms)
 GET /agent/dashboard/new 200 in 66ms (compile: 10ms, render: 56ms)
 GET /login 200 in 75ms (compile: 6ms, render: 69ms)
 GET /login 200 in 458ms (compile: 190ms, render: 268ms)
 GET /agent/dashboard/new 200 in 464ms (compile: 117ms, render: 347ms)
 GET /agent/dashboard 200 in 359ms (compile: 148ms, render: 211ms)
 GET /login 200 in 142ms (compile: 12ms, render: 130ms)
 GET /admin/listings 200 in 719ms (compile: 7ms, render: 712ms)
 GET /login 200 in 607ms (compile: 6ms, render: 601ms)
 GET /agent/dashboard/new 200 in 533ms (compile: 10ms, render: 523ms)
 GET /login 200 in 531ms (compile: 227ms, render: 305ms)
 GET /agent/dashboard 200 in 536ms (compile: 66ms, render: 470ms)
 GET /admin/listings 200 in 562ms (compile: 119ms, render: 444ms)
 GET /login 200 in 337ms (compile: 138ms, render: 199ms)
 GET /agent/dashboard/new 200 in 343ms (compile: 7ms, render: 336ms)
 GET /agent/dashboard 200 in 346ms (compile: 70ms, render: 276ms)
 GET /login 200 in 85ms (compile: 12ms, render: 73ms)
 GET /agent/dashboard 200 in 55ms (compile: 5ms, render: 51ms)
 GET /login 200 in 49ms (compile: 5ms, render: 44ms)
 GET /agent/dashboard/new 200 in 62ms (compile: 5ms, render: 58ms)
 ✓ Compiled in 146ms
 GET /admin/listings 200 in 946ms (compile: 6ms, render: 941ms)
 GET /agent/dashboard 200 in 262ms (compile: 108ms, render: 154ms)
 GET /agent/dashboard 200 in 194ms (compile: 9ms, render: 185ms)
 GET /login 200 in 106ms (compile: 9ms, render: 97ms)
 GET /agent/dashboard 200 in 103ms (compile: 8ms, render: 95ms)
 GET /agent/dashboard 200 in 119ms (compile: 7ms, render: 113ms)
 GET /agent/dashboard 200 in 131ms (compile: 8ms, render: 123ms)
 GET /agent/dashboard 200 in 148ms (compile: 31ms, render: 117ms)
 GET /agent/dashboard 200 in 91ms (compile: 7ms, render: 84ms)
 GET /agent/dashboard 200 in 94ms (compile: 5ms, render: 89ms)
 GET /agent/dashboard 200 in 192ms (compile: 9ms, render: 183ms)
 GET /login 200 in 107ms (compile: 9ms, render: 98ms)
 GET /agent/dashboard 200 in 93ms (compile: 7ms, render: 87ms)
 GET /agent/dashboard 200 in 704ms (compile: 8ms, render: 696ms)
 GET /login 200 in 598ms (compile: 9ms, render: 589ms)
 GET /agent/dashboard 200 in 266ms (compile: 6ms, render: 260ms)
 GET /agent/dashboard 200 in 113ms (compile: 10ms, render: 103ms)
 GET /agent/dashboard 200 in 170ms (compile: 7ms, render: 164ms)
 GET /agent/dashboard 200 in 102ms (compile: 12ms, render: 89ms)
 GET /agent/dashboard 200 in 96ms (compile: 5ms, render: 91ms)
 GET /agent/dashboard 200 in 83ms (compile: 6ms, render: 77ms)
 GET /agent/dashboard 200 in 116ms (compile: 9ms, render: 107ms)
 GET /agent/dashboard 200 in 99ms (compile: 7ms, render: 92ms)
 GET /agent/dashboard 200 in 178ms (compile: 6ms, render: 172ms)
 GET /agent/dashboard/new 200 in 104ms (compile: 9ms, render: 96ms)
 GET /agent/dashboard 200 in 193ms (compile: 7ms, render: 186ms)
 GET /login 200 in 119ms (compile: 12ms, render: 107ms)
 GET /agent/dashboard 200 in 127ms (compile: 15ms, render: 111ms)
 GET /agent/dashboard 200 in 135ms (compile: 7ms, render: 128ms)
 GET /agent/dashboard/new 200 in 256ms (compile: 6ms, render: 250ms)
 GET /agent/dashboard 200 in 266ms (compile: 95ms, render: 171ms)
 GET /agent/dashboard 200 in 146ms (compile: 7ms, render: 139ms)
 GET /agent/dashboard 200 in 124ms (compile: 29ms, render: 95ms)
 GET /agent/dashboard 200 in 109ms (compile: 8ms, render: 101ms)
 GET /agent/dashboard 200 in 76ms (compile: 9ms, render: 66ms)
 GET /agent/dashboard 200 in 254ms (compile: 78ms, render: 175ms)
 GET /agent/dashboard 200 in 143ms (compile: 6ms, render: 138ms)
 GET /agent/dashboard 200 in 235ms (compile: 9ms, render: 226ms)
 GET /agent/dashboard 200 in 181ms (compile: 21ms, render: 160ms)
 GET /agent/dashboard 200 in 151ms (compile: 14ms, render: 136ms)
 GET /agent/dashboard 200 in 150ms (compile: 9ms, render: 142ms)
 GET /agent/dashboard 200 in 109ms (compile: 14ms, render: 95ms)
 GET /agent/dashboard 200 in 95ms (compile: 8ms, render: 87ms)
 GET /agent/dashboard 200 in 110ms (compile: 7ms, render: 103ms)
 GET /agent/dashboard 200 in 96ms (compile: 8ms, render: 89ms)
 GET /login 200 in 89ms (compile: 10ms, render: 79ms)
 GET /login 200 in 82ms (compile: 6ms, render: 76ms)
 GET /login 200 in 80ms (compile: 6ms, render: 74ms)
 GET /login 200 in 92ms (compile: 8ms, render: 85ms)
 GET /agent/dashboard/new 200 in 105ms (compile: 10ms, render: 96ms)
 GET /agent/dashboard/new 200 in 112ms (compile: 6ms, render: 106ms)
 GET /login 200 in 305ms (compile: 10ms, render: 295ms)
 ✓ Compiled in 407ms
 GET /agent/dashboard 200 in 123ms (compile: 9ms, render: 115ms)
 GET /login 200 in 3.3s (compile: 6ms, render: 3.3s)
 GET /agent/dashboard/new 200 in 3.2s (compile: 10ms, render: 3.2s)
 GET /buy/Dei-Dei/150sqm-estate-in-dei-dei-abuja-1589 200 in 946ms (compile: 50ms, render: 897ms)
 GET /admin/agents 500 in 7.1s (compile: 900ms, render: 6.2s)
 GET /admin/listings 200 in 609ms (compile: 7ms, render: 602ms)
 GET /login 200 in 883ms (compile: 184ms, render: 700ms)
 GET /agent/dashboard/new 200 in 745ms (compile: 188ms, render: 556ms)
 GET /login 200 in 212ms (compile: 41ms, render: 171ms)
 GET /login 200 in 108ms (compile: 13ms, render: 94ms)
 GET /login 200 in 70ms (compile: 5ms, render: 65ms)
 GET /agent/dashboard/new 200 in 91ms (compile: 9ms, render: 82ms)
 GET /login 200 in 412ms (compile: 6ms, render: 406ms)
 GET /login 200 in 168ms (compile: 9ms, render: 160ms)
 GET /agent/dashboard/new 200 in 177ms (compile: 75ms, render: 103ms)
 GET /login 200 in 64ms (compile: 5ms, render: 59ms)
 GET /login 200 in 90ms (compile: 19ms, render: 71ms)
 GET /login 200 in 221ms (compile: 8ms, render: 213ms)
 GET /agent/dashboard/new 200 in 140ms (compile: 20ms, render: 120ms)
 GET /login 200 in 60ms (compile: 6ms, render: 53ms)
 GET /login 200 in 592ms (compile: 6ms, render: 586ms)
 GET /login 200 in 175ms (compile: 94ms, render: 81ms)
 GET /agent/dashboard/new 200 in 181ms (compile: 8ms, render: 172ms)
 GET /admin/listings 200 in 564ms (compile: 6ms, render: 558ms)
 GET /login 200 in 223ms (compile: 6ms, render: 217ms)
 GET /agent/dashboard/new 200 in 164ms (compile: 6ms, render: 158ms)
 GET /login 200 in 85ms (compile: 8ms, render: 77ms)
 GET /agent/dashboard/new 200 in 239ms (compile: 5ms, render: 233ms)
 GET /login 200 in 165ms (compile: 5ms, render: 160ms)
 GET /login 200 in 95ms (compile: 19ms, render: 76ms)
 GET /agent/dashboard/new 200 in 193ms (compile: 6ms, render: 187ms)
 GET /login 200 in 97ms (compile: 20ms, render: 76ms)
 GET /login 200 in 72ms (compile: 5ms, render: 66ms)
 GET /agent/dashboard/new 200 in 753ms (compile: 5ms, render: 748ms)
 GET /login 200 in 686ms (compile: 10ms, render: 677ms)
 GET /login 200 in 263ms (compile: 9ms, render: 254ms)
 GET /admin/listings 200 in 717ms (compile: 64ms, render: 653ms)
 GET /login 200 in 62ms (compile: 5ms, render: 57ms)
 GET /login 200 in 75ms (compile: 9ms, render: 66ms)
 GET /login 200 in 64ms (compile: 8ms, render: 56ms)
 GET /login 200 in 62ms (compile: 5ms, render: 57ms)
 GET /login 200 in 65ms (compile: 6ms, render: 58ms)
 GET /login 200 in 148ms (compile: 5ms, render: 143ms)
 GET /agent/dashboard/new 200 in 93ms (compile: 7ms, render: 86ms)
 GET /login 200 in 55ms (compile: 5ms, render: 50ms)
 GET /login 200 in 54ms (compile: 4ms, render: 50ms)
 GET /login 200 in 54ms (compile: 5ms, render: 49ms)
 GET /login 200 in 58ms (compile: 5ms, render: 53ms)
 GET /login 200 in 93ms (compile: 5ms, render: 88ms)
 ✓ Compiled in 184ms
 GET /login 200 in 3.7s (compile: 32ms, render: 3.7s)
 GET /agent/dashboard 200 in 3.1s (compile: 40ms, render: 3.1s)
 GET /admin/listings 200 in 3.7s (compile: 11ms, render: 3.7s)
 GET /login 200 in 63ms (compile: 5ms, render: 57ms)
 GET /login 200 in 60ms (compile: 6ms, render: 54ms)
 GET /login 200 in 57ms (compile: 6ms, render: 51ms)
 GET /login 200 in 187ms (compile: 44ms, render: 143ms)
 GET /login 200 in 61ms (compile: 6ms, render: 55ms)
 GET /agent/dashboard/new 200 in 354ms (compile: 5ms, render: 349ms)
 GET /buy/Dei-Dei/150sqm-estate-in-dei-dei-abuja-1589 200 in 219ms (compile: 16ms, render: 203ms)
 GET /admin/agents 200 in 5.7s (compile: 665ms, render: 5.1s)
 GET /login 200 in 92ms (compile: 7ms, render: 85ms)
 GET /login 200 in 119ms (compile: 9ms, render: 111ms)
 GET /login 200 in 88ms (compile: 7ms, render: 82ms)
 GET /login 200 in 78ms (compile: 7ms, render: 72ms)
 GET /login 200 in 459ms (compile: 297ms, render: 161ms)
 ✓ Compiled in 1791ms
 GET /agent/dashboard 200 in 410ms (compile: 68ms, render: 342ms)
 GET /login 200 in 78ms (compile: 6ms, render: 72ms)
 GET /login 200 in 74ms (compile: 7ms, render: 67ms)
 GET /agent/dashboard/new 200 in 115ms (compile: 8ms, render: 107ms)
 GET /login 200 in 635ms (compile: 162ms, render: 473ms)
 GET /login 200 in 373ms (compile: 12ms, render: 361ms)
 GET /agent/dashboard/new 200 in 226ms (compile: 11ms, render: 215ms)
 GET /buy/Dei-Dei/150sqm-estate-in-dei-dei-abuja-1589 200 in 507ms (compile: 35ms, render: 472ms)
 GET /admin/listings 200 in 1175ms (compile: 6ms, render: 1169ms)
 GET /login 200 in 58ms (compile: 6ms, render: 51ms)
 GET /login 200 in 497ms (compile: 5ms, render: 492ms)
 GET /login 200 in 260ms (compile: 159ms, render: 101ms)
 GET /agent/dashboard/new 200 in 264ms (compile: 93ms, render: 171ms)
 GET /admin/listings 200 in 537ms (compile: 56ms, render: 481ms)
 GET /agent/dashboard/new 200 in 93ms (compile: 7ms, render: 87ms)
 GET /login 200 in 64ms (compile: 6ms, render: 58ms)
 GET /agent/dashboard/new 200 in 171ms (compile: 5ms, render: 167ms)
 GET /login 200 in 100ms (compile: 7ms, render: 94ms)
 GET /login 200 in 198ms (compile: 5ms, render: 193ms)
 GET /login 200 in 144ms (compile: 70ms, render: 75ms)
 GET /agent/dashboard/new 200 in 149ms (compile: 7ms, render: 142ms)
 GET /login 200 in 549ms (compile: 5ms, render: 544ms)
 GET /agent/dashboard/new 200 in 495ms (compile: 159ms, render: 336ms)
 GET /login 200 in 93ms (compile: 9ms, render: 84ms)
 GET /admin/listings 200 in 527ms (compile: 7ms, render: 520ms)
 GET /login 200 in 58ms (compile: 6ms, render: 52ms)
 GET /login 200 in 584ms (compile: 5ms, render: 579ms)
 GET /login 200 in 503ms (compile: 78ms, render: 425ms)
 GET /agent/dashboard/new 200 in 507ms (compile: 8ms, render: 499ms)
 GET /admin/listings 200 in 395ms (compile: 7ms, render: 388ms)
 GET /agent/dashboard/new 200 in 75ms (compile: 7ms, render: 68ms)
 GET /login 200 in 286ms (compile: 6ms, render: 280ms)
 GET /login 200 in 227ms (compile: 8ms, render: 218ms)
 GET /login 200 in 588ms (compile: 6ms, render: 582ms)
 GET /agent/dashboard/new 200 in 521ms (compile: 10ms, render: 511ms)
 GET /login 200 in 420ms (compile: 14ms, render: 405ms)
 GET /login 200 in 201ms (compile: 5ms, render: 196ms)
 GET /login 200 in 146ms (compile: 71ms, render: 74ms)
 GET /agent/dashboard/new 200 in 150ms (compile: 8ms, render: 142ms)
 GET /admin/listings 200 in 581ms (compile: 11ms, render: 570ms)
 GET /agent/dashboard/new 200 in 130ms (compile: 5ms, render: 125ms)
 GET /login 200 in 68ms (compile: 5ms, render: 62ms)
 GET /login 200 in 551ms (compile: 5ms, render: 546ms)
 GET /login 200 in 495ms (compile: 145ms, render: 350ms)
 GET /agent/dashboard/new 200 in 361ms (compile: 156ms, render: 205ms)
 GET /admin/listings 200 in 557ms (compile: 8ms, render: 549ms)
 GET /login 200 in 160ms (compile: 5ms, render: 155ms)
 GET /login 200 in 70ms (compile: 6ms, render: 63ms)
 GET /login 200 in 204ms (compile: 7ms, render: 197ms)
 GET /login 200 in 146ms (compile: 73ms, render: 73ms)
 GET /agent/dashboard/new 200 in 151ms (compile: 6ms, render: 145ms)
 GET /login 200 in 54ms (compile: 5ms, render: 49ms)
 GET /login 200 in 74ms (compile: 5ms, render: 70ms)
 GET /login 200 in 66ms (compile: 8ms, render: 57ms)
 GET /agent/dashboard/new 200 in 411ms (compile: 7ms, render: 405ms)
 GET /admin/listings 200 in 388ms (compile: 8ms, render: 380ms)
 ✓ Compiled in 157ms
 GET /login 200 in 212ms (compile: 7ms, render: 204ms)
 GET /login 200 in 142ms (compile: 5ms, render: 137ms)
 GET /agent/dashboard/new 200 in 82ms (compile: 8ms, render: 74ms)
 GET /agent/dashboard 200 in 165ms (compile: 6ms, render: 160ms)
 GET /agent/dashboard/new 200 in 69ms (compile: 7ms, render: 62ms)
 GET /agent/dashboard/new 200 in 1544ms (compile: 602ms, render: 942ms)
 GET /login 200 in 699ms (compile: 10ms, render: 688ms)
 GET /admin/agents 200 in 1544ms (compile: 494ms, render: 1049ms)
 GET /buy/Dei-Dei/150sqm-estate-in-dei-dei-abuja-1589 200 in 349ms (compile: 120ms, render: 228ms)
 GET /admin/listings 200 in 2.0s (compile: 6ms, render: 2.0s)
 GET /admin/listings 200 in 662ms (compile: 32ms, render: 630ms)
 GET /agent/dashboard/new 200 in 126ms (compile: 6ms, render: 120ms)
 GET /login 200 in 66ms (compile: 6ms, render: 60ms)
 GET /agent/dashboard/new 200 in 62ms (compile: 5ms, render: 57ms)
 GET /login 200 in 81ms (compile: 4ms, render: 76ms)
 GET /agent/dashboard/new 200 in 75ms (compile: 5ms, render: 71ms)
 GET /login 200 in 52ms (compile: 5ms, render: 47ms)
 GET /agent/dashboard/new 200 in 62ms (compile: 6ms, render: 56ms)
 GET /login 200 in 52ms (compile: 5ms, render: 47ms)
 GET /agent/dashboard/new 200 in 101ms (compile: 22ms, render: 79ms)
 GET /admin/listings 200 in 468ms (compile: 6ms, render: 462ms)
 GET /agent/dashboard/new 200 in 81ms (compile: 6ms, render: 75ms)
 GET /admin/listings 200 in 363ms (compile: 5ms, render: 358ms)
 GET /agent/dashboard/new 200 in 285ms (compile: 6ms, render: 279ms)
 GET /agent/dashboard/new 200 in 300ms (compile: 5ms, render: 295ms)
 GET /admin/listings 200 in 580ms (compile: 7ms, render: 572ms)
 GET /admin/listings 200 in 302ms (compile: 6ms, render: 296ms)
 GET /admin/listings 200 in 414ms (compile: 5ms, render: 409ms)
 GET /admin/listings 200 in 578ms (compile: 6ms, render: 572ms)
 GET /admin/listings 200 in 390ms (compile: 7ms, render: 383ms)
 GET /admin/listings 200 in 295ms (compile: 5ms, render: 290ms)
 GET /admin/listings 200 in 721ms (compile: 5ms, render: 716ms)
 GET /admin/listings 200 in 376ms (compile: 8ms, render: 368ms)
 GET /admin/listings 200 in 366ms (compile: 6ms, render: 360ms)
 GET /admin/listings 200 in 351ms (compile: 7ms, render: 344ms)
 GET /admin/listings 200 in 378ms (compile: 6ms, render: 372ms)
 GET /admin/listings 200 in 698ms (compile: 14ms, render: 684ms)
 GET /admin/listings 200 in 1091ms (compile: 7ms, render: 1084ms)
 GET /admin/listings 200 in 871ms (compile: 6ms, render: 865ms)
 GET /admin/listings 200 in 378ms (compile: 6ms, render: 372ms)
 GET /admin/listings 200 in 409ms (compile: 9ms, render: 400ms)
 GET /admin/listings 200 in 504ms (compile: 7ms, render: 496ms)
 GET /admin/listings 200 in 413ms (compile: 12ms, render: 401ms)
 GET /admin/listings 200 in 374ms (compile: 6ms, render: 367ms)
 GET /admin/listings 200 in 410ms (compile: 5ms, render: 405ms)
 GET /admin/listings 200 in 219ms (compile: 5ms, render: 214ms)
 GET /admin/listings 200 in 348ms (compile: 5ms, render: 343ms)
 GET /admin/listings 200 in 369ms (compile: 5ms, render: 364ms)
 GET /admin/listings 200 in 218ms (compile: 6ms, render: 213ms)
 GET /admin/listings 200 in 181ms (compile: 5ms, render: 176ms)
 GET /admin/listings 200 in 274ms (compile: 5ms, render: 269ms)
 GET /admin/listings 200 in 464ms (compile: 6ms, render: 458ms)
 GET /admin/listings 200 in 406ms (compile: 5ms, render: 400ms)
 GET /admin/listings 200 in 256ms (compile: 5ms, render: 251ms)
 GET /admin/listings 200 in 595ms (compile: 7ms, render: 588ms)
 GET /admin/listings 200 in 307ms (compile: 6ms, render: 301ms)
 GET /admin/listings 200 in 587ms (compile: 5ms, render: 582ms)
 GET /admin/listings 200 in 369ms (compile: 5ms, render: 364ms)
 GET /admin/listings 200 in 267ms (compile: 7ms, render: 260ms)
 GET /admin/listings 200 in 285ms (compile: 6ms, render: 279ms)
 GET /admin/listings 200 in 263ms (compile: 9ms, render: 254ms)
 GET /admin/listings 200 in 314ms (compile: 5ms, render: 309ms)
 GET /admin/listings 200 in 391ms (compile: 5ms, render: 386ms)
 GET /admin/listings 200 in 476ms (compile: 6ms, render: 471ms)
 GET /admin/listings 200 in 309ms (compile: 5ms, render: 303ms)
 GET /admin/listings 200 in 294ms (compile: 6ms, render: 288ms)
 GET /admin/listings 200 in 684ms (compile: 5ms, render: 679ms)
 GET /admin/listings 200 in 224ms (compile: 5ms, render: 219ms)
 GET /admin/listings 200 in 176ms (compile: 5ms, render: 172ms)
 GET /agent/dashboard 200 in 207ms (compile: 13ms, render: 194ms)
 GET / 200 in 1685ms (compile: 188ms, render: 1497ms)
 GET /buy/lugbe/affordable-land-for-sale-in-lugbe-abuja-limited-magic-promo-1765373523787 200 in 3.4s (compile: 30ms, render: 3.4s)
 GET /buy/lugbe/affordable-land-for-sale-in-lugbe-abuja-limited-magic-promo-1765373523787 200 in 1813ms (compile: 29ms, render: 1784ms)
 ✓ Compiled in 1639ms
 GET /login 200 in 1666ms (compile: 368ms, render: 1298ms)
 GET /agent/dashboard/new 200 in 1662ms (compile: 170ms, render: 1492ms)
 GET /login 200 in 269ms (compile: 25ms, render: 245ms)
 GET /buy/Dei-Dei/150sqm-estate-in-dei-dei-abuja-1589 200 in 4.6s (compile: 292ms, render: 4.3s)
 GET /buy/lugbe/affordable-land-for-sale-in-lugbe-abuja-limited-magic-promo-1765373523787 200 in 4.6s (compile: 35ms, render: 4.6s)
 GET /admin/listings 200 in 5.1s (compile: 55ms, render: 5.0s)
 GET /admin/agents 200 in 6.6s (compile: 80ms, render: 6.5s)
